<?xml version="1.0" encoding="UTF-8"?>
<!-- Generated by org.testng.reporters.JUnitXMLReporter -->
<testsuite ignored="0" hostname="Kapil-A-QA" failures="0" tests="6" name="FirefoxTest" time="0.183" errors="0" timestamp="2023-07-18T12:24:16 IST">
  <testcase classname="baselibrary.Baselibrary" name="@BeforeTest geturllaunch" time="0.158">
    <failure type="org.openqa.selenium.SessionNotCreatedException" message="Could not start a new session. Response code 500. Message: Failed to start browser /snap/firefox/current/firefox.launcher: no such file or directory 
Host info: host: &amp;apos;Kapil-A-QA&amp;apos;, ip: &amp;apos;127.0.1.1&amp;apos;
Build info: version: &amp;apos;4.10.0&amp;apos;, revision: &amp;apos;c14d967899&amp;apos;
System info: os.name: &amp;apos;Linux&amp;apos;, os.arch: &amp;apos;amd64&amp;apos;, os.version: &amp;apos;5.15.0-76-generic&amp;apos;, java.version: &amp;apos;17.0.5&amp;apos;
Driver info: org.openqa.selenium.firefox.FirefoxDriver
Command: [null, newSession {capabilities=[Capabilities {acceptInsecureCerts: true, browserName: firefox, moz:debuggerAddress: true, moz:firefoxOptions: {}}]}]">
      <![CDATA[org.openqa.selenium.SessionNotCreatedException: Could not start a new session. Response code 500. Message: Failed to start browser /snap/firefox/current/firefox.launcher: no such file or directory 
Host info: host: 'Kapil-A-QA', ip: '127.0.1.1'
Build info: version: '4.10.0', revision: 'c14d967899'
System info: os.name: 'Linux', os.arch: 'amd64', os.version: '5.15.0-76-generic', java.version: '17.0.5'
Driver info: org.openqa.selenium.firefox.FirefoxDriver
Command: [null, newSession {capabilities=[Capabilities {acceptInsecureCerts: true, browserName: firefox, moz:debuggerAddress: true, moz:firefoxOptions: {}}]}]
at org.openqa.selenium.remote.ProtocolHandshake.createSession(ProtocolHandshake.java:140)
at org.openqa.selenium.remote.ProtocolHandshake.createSession(ProtocolHandshake.java:96)
at org.openqa.selenium.remote.ProtocolHandshake.createSession(ProtocolHandshake.java:68)
at org.openqa.selenium.remote.HttpCommandExecutor.execute(HttpCommandExecutor.java:163)
at org.openqa.selenium.remote.service.DriverCommandExecutor.invokeExecute(DriverCommandExecutor.java:196)
at org.openqa.selenium.remote.service.DriverCommandExecutor.execute(DriverCommandExecutor.java:171)
at org.openqa.selenium.remote.RemoteWebDriver.execute(RemoteWebDriver.java:531)
at org.openqa.selenium.remote.RemoteWebDriver.startSession(RemoteWebDriver.java:227)
at org.openqa.selenium.remote.RemoteWebDriver.<init>(RemoteWebDriver.java:154)
at org.openqa.selenium.firefox.FirefoxDriver.<init>(FirefoxDriver.java:151)
at org.openqa.selenium.firefox.FirefoxDriver.<init>(FirefoxDriver.java:146)
at org.openqa.selenium.firefox.FirefoxDriver.<init>(FirefoxDriver.java:130)
at org.openqa.selenium.firefox.FirefoxDriver.<init>(FirefoxDriver.java:125)
at org.openqa.selenium.firefox.FirefoxDriver.<init>(FirefoxDriver.java:110)
at org.openqa.selenium.firefox.FirefoxDriver.<init>(FirefoxDriver.java:100)
at baselibrary.Baselibrary.geturllaunch(Baselibrary.java:63)
... Removed 24 stack frames]]>
    </failure>
  </testcase> <!-- @BeforeTest geturllaunch -->
  <testcase classname="careers_360_test.University_Gallery_test" name="@BeforeTest geturllaunch3" time="-1.689663256702E9">
    <skipped/>
  </testcase> <!-- @BeforeTest geturllaunch3 -->
  <testcase classname="careers_360_test.University_Gallery_test" name="click_On_view_photo" time="0.0">
    <skipped/>
  </testcase> <!-- click_On_view_photo -->
  <testcase classname="careers_360_test.University_Gallery_test" name="verifying_Show_all_media" time="0.0">
    <skipped/>
  </testcase> <!-- verifying_Show_all_media -->
  <testcase classname="careers_360_test.University_Gallery_test" name="clickon_photos" time="0.0">
    <skipped/>
  </testcase> <!-- clickon_photos -->
  <testcase classname="careers_360_test.University_Gallery_test" name="verifying_Show_only_Images" time="0.0">
    <skipped/>
  </testcase> <!-- verifying_Show_only_Images -->
  <testcase classname="careers_360_test.University_Gallery_test" name="clickon_videos" time="0.0">
    <skipped/>
  </testcase> <!-- clickon_videos -->
  <testcase classname="careers_360_test.University_Gallery_test" name="verifying_Show_only_videos" time="0.0">
    <skipped/>
  </testcase> <!-- verifying_Show_only_videos -->
</testsuite> <!-- FirefoxTest -->
