<?xml version="1.0" encoding="UTF-8"?>
<!-- Generated by org.testng.reporters.JUnitXMLReporter -->
<testsuite ignored="0" hostname="Kapil-A-QA" failures="0" tests="6" name="University_Gallery_Pages" time="0.018" errors="0" timestamp="2023-07-15T17:49:14 IST">
  <testcase classname="careers_360_test.University_Gallery_test" name="@BeforeTest geturllaunch3" time="-1.689423554076E9">
    <failure type="org.testng.TestNGException" message="
Parameter &amp;apos;env&amp;apos; is required by BeforeTest on method geturllaunch3 but has not been marked @Optional or defined
in /home/kapil/eclipse-workspace/Careers_360_2nd_june/testng.xml">
      <![CDATA[org.testng.TestNGException: 
Parameter 'env' is required by BeforeTest on method geturllaunch3 but has not been marked @Optional or defined
in /home/kapil/eclipse-workspace/Careers_360_2nd_june/testng.xml
... Removed 21 stack frames]]>
    </failure>
  </testcase> <!-- @BeforeTest geturllaunch3 -->
  <testcase classname="careers_360_test.University_Gallery_test" name="click_On_view_photo" time="0.0">
    <skipped/>
  </testcase> <!-- click_On_view_photo -->
  <testcase classname="careers_360_test.University_Gallery_test" name="verifying_Show_all_media" time="0.0">
    <skipped/>
  </testcase> <!-- verifying_Show_all_media -->
  <testcase classname="careers_360_test.University_Gallery_test" name="clickon_photos" time="0.0">
    <skipped/>
  </testcase> <!-- clickon_photos -->
  <testcase classname="careers_360_test.University_Gallery_test" name="verifying_Show_only_Images" time="0.0">
    <skipped/>
  </testcase> <!-- verifying_Show_only_Images -->
  <testcase classname="careers_360_test.University_Gallery_test" name="clickon_videos" time="0.0">
    <skipped/>
  </testcase> <!-- clickon_videos -->
  <testcase classname="careers_360_test.University_Gallery_test" name="verifying_Show_only_videos" time="0.0">
    <skipped/>
  </testcase> <!-- verifying_Show_only_videos -->
</testsuite> <!-- University_Gallery_Pages -->
