<?xml version="1.0" encoding="UTF-8"?>
<!-- Generated by org.testng.reporters.JUnitXMLReporter -->
<testsuite ignored="17" hostname="Kapil-A-QA" failures="0" tests="1" name="Default test" time="0.065" errors="0" timestamp="2023-08-21T13:02:56 IST">
  <testcase classname="careers_360_test.University_header_test" name="@BeforeTest geturllaunch1" time="-1.692603176378E9">
    <failure type="org.testng.TestNGException" message="
Parameter &amp;apos;env&amp;apos; is required by BeforeTest on method geturllaunch1 but has not been marked @Optional or defined
in /tmp/testng-eclipse-2102387082/testng-customsuite.xml">
      <![CDATA[org.testng.TestNGException: 
Parameter 'env' is required by BeforeTest on method geturllaunch1 but has not been marked @Optional or defined
in /tmp/testng-eclipse-2102387082/testng-customsuite.xml
at org.testng.internal.Parameters.createParams(Parameters.java:270)
at org.testng.internal.Parameters.createParametersForMethod(Parameters.java:358)
at org.testng.internal.Parameters.createParameters(Parameters.java:700)
at org.testng.internal.Parameters.createConfigurationParameters(Parameters.java:168)
at org.testng.internal.ConfigInvoker.invokeConfigurations(ConfigInvoker.java:302)
at org.testng.TestRunner.invokeTestConfigurations(TestRunner.java:637)
at org.testng.TestRunner.beforeRun(TestRunner.java:627)
at org.testng.TestRunner.run(TestRunner.java:589)
at org.testng.SuiteRunner.runTest(SuiteRunner.java:377)
at org.testng.SuiteRunner.runSequentially(SuiteRunner.java:371)
at org.testng.SuiteRunner.privateRun(SuiteRunner.java:332)
at org.testng.SuiteRunner.run(SuiteRunner.java:276)
at org.testng.SuiteRunnerWorker.runSuite(SuiteRunnerWorker.java:53)
at org.testng.SuiteRunnerWorker.run(SuiteRunnerWorker.java:96)
at org.testng.TestNG.runSuitesSequentially(TestNG.java:1212)
at org.testng.TestNG.runSuitesLocally(TestNG.java:1134)
at org.testng.TestNG.runSuites(TestNG.java:1063)
at org.testng.TestNG.run(TestNG.java:1031)
at org.testng.remote.AbstractRemoteTestNG.run(AbstractRemoteTestNG.java:115)
at org.testng.remote.RemoteTestNG.initAndRun(RemoteTestNG.java:251)
at org.testng.remote.RemoteTestNG.main(RemoteTestNG.java:77)
]]>
    </failure>
  </testcase> <!-- @BeforeTest geturllaunch1 -->
  <testcase classname="careers_360_test.University_header_test" name="getH2Title" time="0.0">
    <skipped/>
  </testcase> <!-- getH2Title -->
  <testcase classname="careers_360_test.University_header_test" name="clickOnSubTupple" time="0.0">
    <ignored/>
  </testcase> <!-- clickOnSubTupple -->
  <testcase classname="careers_360_test.University_header_test" name="clickon_University_In_City" time="0.0">
    <ignored/>
  </testcase> <!-- clickon_University_In_City -->
  <testcase classname="careers_360_test.University_header_test" name="verifyVisibleOfBrowseByStream" time="0.0">
    <ignored/>
  </testcase> <!-- verifyVisibleOfBrowseByStream -->
  <testcase classname="careers_360_test.University_header_test" name="getH3Title" time="0.0">
    <ignored/>
  </testcase> <!-- getH3Title -->
  <testcase classname="careers_360_test.University_header_test" name="click_On_Home" time="0.0">
    <ignored/>
  </testcase> <!-- click_On_Home -->
  <testcase classname="careers_360_test.University_header_test" name="click_On_State" time="0.0">
    <ignored/>
  </testcase> <!-- click_On_State -->
  <testcase classname="careers_360_test.University_header_test" name="Verify_College_Title" time="0.0">
    <ignored/>
  </testcase> <!-- Verify_College_Title -->
  <testcase classname="careers_360_test.University_header_test" name="Verifying_Precense_of_Careers360_Logo" time="0.0">
    <ignored/>
  </testcase> <!-- Verifying_Precense_of_Careers360_Logo -->
  <testcase classname="careers_360_test.University_header_test" name="clickon_University_In_India" time="0.0">
    <ignored/>
  </testcase> <!-- clickon_University_In_India -->
  <testcase classname="careers_360_test.University_header_test" name="verifySearchBar" time="0.0">
    <ignored/>
  </testcase> <!-- verifySearchBar -->
  <testcase classname="careers_360_test.University_header_test" name="clickon_ratingsummary" time="0.0">
    <ignored/>
  </testcase> <!-- clickon_ratingsummary -->
  <testcase classname="careers_360_test.University_header_test" name="click_On_City" time="0.0">
    <ignored/>
  </testcase> <!-- click_On_City -->
  <testcase classname="careers_360_test.University_header_test" name="clickon_QandA" time="0.0">
    <ignored/>
  </testcase> <!-- clickon_QandA -->
  <testcase classname="careers_360_test.University_header_test" name="Verifying_University_Title" time="0.0">
    <ignored/>
  </testcase> <!-- Verifying_University_Title -->
  <testcase classname="careers_360_test.University_header_test" name="clickOnCTA" time="0.0">
    <ignored/>
  </testcase> <!-- clickOnCTA -->
  <testcase classname="careers_360_test.University_header_test" name="Verifying_Searching_Icon" time="0.0">
    <ignored/>
  </testcase> <!-- Verifying_Searching_Icon -->
  <testcase classname="careers_360_test.University_header_test" name="Verifying_Precense_of_University_Logo" time="0.0">
    <ignored/>
  </testcase> <!-- Verifying_Precense_of_University_Logo -->
</testsuite> <!-- Default test -->
