<?xml version="1.0" encoding="UTF-8"?>
<!-- Generated by org.testng.reporters.JUnitXMLReporter -->
<testsuite ignored="0" hostname="Kapil-A-QA" failures="0" tests="14" name="CTA_Whatsapp_Page" time="14.479" errors="0" timestamp="2023-06-28T16:14:50 IST">
  <testcase classname="careers_360_test.CTA_Whatsapp_Test" name="@BeforeTest geturllaunch2" time="14.192">
    <failure type="org.openqa.selenium.NoSuchElementException" message="no such element: Unable to locate element: {&amp;quot;method&amp;quot;:&amp;quot;xpath&amp;quot;,&amp;quot;selector&amp;quot;:&amp;quot;//button[@id=&amp;quot;common-signin-close&amp;quot;]&amp;quot;}
  (Session info: chrome=114.0.5735.106)
For documentation on this error, please visit: https://selenium.dev/exceptions/#no_such_element
Build info: version: &amp;apos;4.9.1&amp;apos;, revision: &amp;apos;eb2032df7f&amp;apos;
System info: os.name: &amp;apos;Linux&amp;apos;, os.arch: &amp;apos;amd64&amp;apos;, os.version: &amp;apos;5.15.0-75-generic&amp;apos;, java.version: &amp;apos;17.0.5&amp;apos;
Driver info: org.openqa.selenium.chrome.ChromeDriver
Command: [b5a5d78afd69ba43d38d542a36fa9aff, findElement {using=xpath, value=//button[@id=&amp;quot;common-signin-close&amp;quot;]}]
Capabilities {acceptInsecureCerts: false, browserName: chrome, browserVersion: 114.0.5735.106, chrome: {chromedriverVersion: 114.0.5735.90 (386bc09e8f4f..., userDataDir: /tmp/.com.google.Chrome.NakQS2}, goog:chromeOptions: {debuggerAddress: localhost:40529}, networkConnectionEnabled: false, pageLoadStrategy: normal, platformName: linux, proxy: Proxy(), se:cdp: ws://localhost:40529/devtoo..., se:cdpVersion: 114.0.5735.106, setWindowRect: true, strictFileInteractability: false, timeouts: {implicit: 0, pageLoad: 300000, script: 30000}, unhandledPromptBehavior: dismiss and notify, webauthn:extension:credBlob: true, webauthn:extension:largeBlob: true, webauthn:extension:minPinLength: true, webauthn:extension:prf: true, webauthn:virtualAuthenticators: true}
Session ID: b5a5d78afd69ba43d38d542a36fa9aff">
      <![CDATA[org.openqa.selenium.NoSuchElementException: no such element: Unable to locate element: {"method":"xpath","selector":"//button[@id="common-signin-close"]"}
  (Session info: chrome=114.0.5735.106)
For documentation on this error, please visit: https://selenium.dev/exceptions/#no_such_element
Build info: version: '4.9.1', revision: 'eb2032df7f'
System info: os.name: 'Linux', os.arch: 'amd64', os.version: '5.15.0-75-generic', java.version: '17.0.5'
Driver info: org.openqa.selenium.chrome.ChromeDriver
Command: [b5a5d78afd69ba43d38d542a36fa9aff, findElement {using=xpath, value=//button[@id="common-signin-close"]}]
Capabilities {acceptInsecureCerts: false, browserName: chrome, browserVersion: 114.0.5735.106, chrome: {chromedriverVersion: 114.0.5735.90 (386bc09e8f4f..., userDataDir: /tmp/.com.google.Chrome.NakQS2}, goog:chromeOptions: {debuggerAddress: localhost:40529}, networkConnectionEnabled: false, pageLoadStrategy: normal, platformName: linux, proxy: Proxy(), se:cdp: ws://localhost:40529/devtoo..., se:cdpVersion: 114.0.5735.106, setWindowRect: true, strictFileInteractability: false, timeouts: {implicit: 0, pageLoad: 300000, script: 30000}, unhandledPromptBehavior: dismiss and notify, webauthn:extension:credBlob: true, webauthn:extension:largeBlob: true, webauthn:extension:minPinLength: true, webauthn:extension:prf: true, webauthn:virtualAuthenticators: true}
Session ID: b5a5d78afd69ba43d38d542a36fa9aff
at org.openqa.selenium.remote.codec.w3c.W3CHttpResponseCodec.createException(W3CHttpResponseCodec.java:200)
at org.openqa.selenium.remote.codec.w3c.W3CHttpResponseCodec.decode(W3CHttpResponseCodec.java:133)
at org.openqa.selenium.remote.codec.w3c.W3CHttpResponseCodec.decode(W3CHttpResponseCodec.java:53)
at org.openqa.selenium.remote.HttpCommandExecutor.execute(HttpCommandExecutor.java:193)
at org.openqa.selenium.remote.service.DriverCommandExecutor.invokeExecute(DriverCommandExecutor.java:183)
at org.openqa.selenium.remote.service.DriverCommandExecutor.execute(DriverCommandExecutor.java:158)
at org.openqa.selenium.remote.RemoteWebDriver.execute(RemoteWebDriver.java:543)
at org.openqa.selenium.remote.ElementLocation$ElementFinder$2.findElement(ElementLocation.java:162)
at org.openqa.selenium.remote.ElementLocation.findElement(ElementLocation.java:60)
at org.openqa.selenium.remote.RemoteWebDriver.findElement(RemoteWebDriver.java:352)
at org.openqa.selenium.remote.RemoteWebDriver.findElement(RemoteWebDriver.java:344)
at baselibrary.Baselibrary.geturllaunch(Baselibrary.java:37)
at careers_360_test.CTA_Whatsapp_Test.geturllaunch2(CTA_Whatsapp_Test.java:21)
... Removed 29 stack frames]]>
    </failure>
  </testcase> <!-- @BeforeTest geturllaunch2 -->
  <testcase classname="careers_360_test.CTA_Whatsapp_Test" name="click_On_Whatsapp" time="0.0">
    <skipped/>
  </testcase> <!-- click_On_Whatsapp -->
  <testcase classname="careers_360_test.CTA_Whatsapp_Test" name="click_On_Frame" time="0.0">
    <skipped/>
  </testcase> <!-- click_On_Frame -->
  <testcase classname="careers_360_test.CTA_Whatsapp_Test" name="get_Signup_Text" time="0.0">
    <skipped/>
  </testcase> <!-- get_Signup_Text -->
  <testcase classname="careers_360_test.CTA_Whatsapp_Test" name="click_On_Name" time="0.0">
    <skipped/>
  </testcase> <!-- click_On_Name -->
  <testcase classname="careers_360_test.CTA_Whatsapp_Test" name="click_On_Email" time="0.0">
    <skipped/>
  </testcase> <!-- click_On_Email -->
  <testcase classname="careers_360_test.CTA_Whatsapp_Test" name="click_On_Mobile" time="0.0">
    <skipped/>
  </testcase> <!-- click_On_Mobile -->
  <testcase classname="careers_360_test.CTA_Whatsapp_Test" name="click_On_Study" time="0.0">
    <skipped/>
  </testcase> <!-- click_On_Study -->
  <testcase classname="careers_360_test.CTA_Whatsapp_Test" name="click_On_Study_Option" time="0.0">
    <skipped/>
  </testcase> <!-- click_On_Study_Option -->
  <testcase classname="careers_360_test.CTA_Whatsapp_Test" name="click_On_Education" time="0.0">
    <skipped/>
  </testcase> <!-- click_On_Education -->
  <testcase classname="careers_360_test.CTA_Whatsapp_Test" name="click_On_Edu_Option" time="0.0">
    <skipped/>
  </testcase> <!-- click_On_Edu_Option -->
  <testcase classname="careers_360_test.CTA_Whatsapp_Test" name="get_Select_Year" time="0.0">
    <skipped/>
  </testcase> <!-- get_Select_Year -->
  <testcase classname="careers_360_test.CTA_Whatsapp_Test" name="click_On_Yrs_Option2" time="0.0">
    <skipped/>
  </testcase> <!-- click_On_Yrs_Option2 -->
  <testcase classname="careers_360_test.CTA_Whatsapp_Test" name="click_On_City" time="0.0">
    <skipped/>
  </testcase> <!-- click_On_City -->
  <testcase classname="careers_360_test.CTA_Whatsapp_Test" name="click_On_Signup" time="0.0">
    <skipped/>
  </testcase> <!-- click_On_Signup -->
</testsuite> <!-- CTA_Whatsapp_Page -->
