<?xml version="1.0" encoding="UTF-8"?>
<!-- Generated by org.testng.reporters.JUnitXMLReporter -->
<testsuite ignored="0" hostname="Kapil-A-QA" failures="3" tests="8" name="IIT_Delhi_Admission_Test" time="40.127" errors="0" timestamp="2023-06-15T11:23:59 IST">
  <testcase classname="careers_360_test.IIT_Delhi_Courses_Fees_Structure_Test" name="clickonskip" time="0.265"/>
  <testcase classname="careers_360_test.IIT_Delhi_Courses_Fees_Structure_Test" name="clickon_courseFess" time="1.871"/>
  <testcase classname="careers_360_test.IIT_Delhi_Courses_Fees_Structure_Test" name="get_Title" time="0.029"/>
  <testcase classname="careers_360_test.IIT_Delhi_Courses_Fees_Structure_Test" name="clickon_enetrpage" time="0.095"/>
  <testcase classname="careers_360_test.IIT_Delhi_Courses_Fees_Structure_Test" name="clickonreadmore" time="0.167">
    <failure type="org.openqa.selenium.InvalidSelectorException" message="invalid selector: Unable to locate an element with the xpath expression #root &amp;gt; div.undefined.college_main_container &amp;gt; section.courses_fees &amp;gt; div &amp;gt; div &amp;gt; div.left_column.col-lg-9 &amp;gt; div.course_list &amp;gt; div.read_more &amp;gt; span &amp;gt; svg because of the following error:
SyntaxError: Failed to execute &amp;apos;evaluate&amp;apos; on &amp;apos;Document&amp;apos;: The string &amp;apos;#root &amp;gt; div.undefined.college_main_container &amp;gt; section.courses_fees &amp;gt; div &amp;gt; div &amp;gt; div.left_column.col-lg-9 &amp;gt; div.course_list &amp;gt; div.read_more &amp;gt; span &amp;gt; svg&amp;apos; is not a valid XPath expression.
  (Session info: chrome=114.0.5735.106)
For documentation on this error, please visit: https://selenium.dev/exceptions/#invalid_selector_exception
Build info: version: &amp;apos;4.9.1&amp;apos;, revision: &amp;apos;eb2032df7f&amp;apos;
System info: os.name: &amp;apos;Linux&amp;apos;, os.arch: &amp;apos;amd64&amp;apos;, os.version: &amp;apos;5.15.0-73-generic&amp;apos;, java.version: &amp;apos;17.0.5&amp;apos;
Driver info: org.openqa.selenium.chrome.ChromeDriver
Command: [bc6b02594331a15109f278e3ae24deec, findElement {using=xpath, value=#root &amp;gt; div.undefined.college_main_container &amp;gt; section.courses_fees &amp;gt; div &amp;gt; div &amp;gt; div.left_column.col-lg-9 &amp;gt; div.course_list &amp;gt; div.read_more &amp;gt; span &amp;gt; svg}]
Capabilities {acceptInsecureCerts: false, browserName: chrome, browserVersion: 114.0.5735.106, chrome: {chromedriverVersion: 114.0.5735.90 (386bc09e8f4f..., userDataDir: /tmp/.com.google.Chrome.7hR295}, goog:chromeOptions: {debuggerAddress: localhost:33315}, networkConnectionEnabled: false, pageLoadStrategy: normal, platformName: linux, proxy: Proxy(), se:cdp: ws://localhost:33315/devtoo..., se:cdpVersion: 114.0.5735.106, setWindowRect: true, strictFileInteractability: false, timeouts: {implicit: 0, pageLoad: 300000, script: 30000}, unhandledPromptBehavior: dismiss and notify, webauthn:extension:credBlob: true, webauthn:extension:largeBlob: true, webauthn:extension:minPinLength: true, webauthn:extension:prf: true, webauthn:virtualAuthenticators: true}
Session ID: bc6b02594331a15109f278e3ae24deec">
      <![CDATA[org.openqa.selenium.InvalidSelectorException: invalid selector: Unable to locate an element with the xpath expression #root > div.undefined.college_main_container > section.courses_fees > div > div > div.left_column.col-lg-9 > div.course_list > div.read_more > span > svg because of the following error:
SyntaxError: Failed to execute 'evaluate' on 'Document': The string '#root > div.undefined.college_main_container > section.courses_fees > div > div > div.left_column.col-lg-9 > div.course_list > div.read_more > span > svg' is not a valid XPath expression.
  (Session info: chrome=114.0.5735.106)
For documentation on this error, please visit: https://selenium.dev/exceptions/#invalid_selector_exception
Build info: version: '4.9.1', revision: 'eb2032df7f'
System info: os.name: 'Linux', os.arch: 'amd64', os.version: '5.15.0-73-generic', java.version: '17.0.5'
Driver info: org.openqa.selenium.chrome.ChromeDriver
Command: [bc6b02594331a15109f278e3ae24deec, findElement {using=xpath, value=#root > div.undefined.college_main_container > section.courses_fees > div > div > div.left_column.col-lg-9 > div.course_list > div.read_more > span > svg}]
Capabilities {acceptInsecureCerts: false, browserName: chrome, browserVersion: 114.0.5735.106, chrome: {chromedriverVersion: 114.0.5735.90 (386bc09e8f4f..., userDataDir: /tmp/.com.google.Chrome.7hR295}, goog:chromeOptions: {debuggerAddress: localhost:33315}, networkConnectionEnabled: false, pageLoadStrategy: normal, platformName: linux, proxy: Proxy(), se:cdp: ws://localhost:33315/devtoo..., se:cdpVersion: 114.0.5735.106, setWindowRect: true, strictFileInteractability: false, timeouts: {implicit: 0, pageLoad: 300000, script: 30000}, unhandledPromptBehavior: dismiss and notify, webauthn:extension:credBlob: true, webauthn:extension:largeBlob: true, webauthn:extension:minPinLength: true, webauthn:extension:prf: true, webauthn:virtualAuthenticators: true}
Session ID: bc6b02594331a15109f278e3ae24deec
at org.openqa.selenium.remote.codec.w3c.W3CHttpResponseCodec.createException(W3CHttpResponseCodec.java:200)
at org.openqa.selenium.remote.codec.w3c.W3CHttpResponseCodec.decode(W3CHttpResponseCodec.java:133)
at org.openqa.selenium.remote.codec.w3c.W3CHttpResponseCodec.decode(W3CHttpResponseCodec.java:53)
at org.openqa.selenium.remote.HttpCommandExecutor.execute(HttpCommandExecutor.java:193)
at org.openqa.selenium.remote.service.DriverCommandExecutor.invokeExecute(DriverCommandExecutor.java:183)
at org.openqa.selenium.remote.service.DriverCommandExecutor.execute(DriverCommandExecutor.java:158)
at org.openqa.selenium.remote.RemoteWebDriver.execute(RemoteWebDriver.java:543)
at org.openqa.selenium.remote.ElementLocation$ElementFinder$2.findElement(ElementLocation.java:162)
at org.openqa.selenium.remote.ElementLocation.findElement(ElementLocation.java:60)
at org.openqa.selenium.remote.RemoteWebDriver.findElement(RemoteWebDriver.java:352)
at org.openqa.selenium.remote.RemoteWebDriver.findElement(RemoteWebDriver.java:344)
at org.openqa.selenium.support.pagefactory.DefaultElementLocator.findElement(DefaultElementLocator.java:70)
at org.openqa.selenium.support.pagefactory.internal.LocatingElementHandler.invoke(LocatingElementHandler.java:39)
at jdk.proxy2/jdk.proxy2.$Proxy16.isDisplayed(Unknown Source)
at org.openqa.selenium.support.ui.ExpectedConditions.elementIfVisible(ExpectedConditions.java:307)
at org.openqa.selenium.support.ui.ExpectedConditions.access$000(ExpectedConditions.java:40)
at org.openqa.selenium.support.ui.ExpectedConditions$10.apply(ExpectedConditions.java:293)
at org.openqa.selenium.support.ui.ExpectedConditions$10.apply(ExpectedConditions.java:290)
at org.openqa.selenium.support.ui.ExpectedConditions$23.apply(ExpectedConditions.java:660)
at org.openqa.selenium.support.ui.ExpectedConditions$23.apply(ExpectedConditions.java:656)
at org.openqa.selenium.support.ui.FluentWait.until(FluentWait.java:208)
at baselibrary.Baselibrary.clickme(Baselibrary.java:64)
at careers_360_page.IIT_Delhi_Courses_Fees_Structure_Page.clickonreadmore(IIT_Delhi_Courses_Fees_Structure_Page.java:53)
at careers_360_test.IIT_Delhi_Courses_Fees_Structure_Test.clickonreadmore(IIT_Delhi_Courses_Fees_Structure_Test.java:46)
at java.base/java.util.ArrayList.forEach(ArrayList.java:1511)
... Removed 32 stack frames]]>
    </failure>
  </testcase> <!-- clickonreadmore -->
  <testcase classname="careers_360_test.IIT_Delhi_Courses_Fees_Structure_Test" name="clickon_criteria_text" time="0.023"/>
  <testcase classname="careers_360_test.IIT_Delhi_Courses_Fees_Structure_Test" name="clickon_Btech" time="10.478">
    <failure type="org.openqa.selenium.TimeoutException" message="Expected condition failed: waiting for element to be clickable: [[ChromeDriver: chrome on linux (bc6b02594331a15109f278e3ae24deec)] -&amp;gt; xpath: //a[@href=&amp;quot;https://www.careers360.com/university/indian-institute-of-technology-delhi/courses/be-btech-idpg&amp;quot;]] (tried for 10 second(s) with 500 milliseconds interval)
Build info: version: &amp;apos;4.9.1&amp;apos;, revision: &amp;apos;eb2032df7f&amp;apos;
System info: os.name: &amp;apos;Linux&amp;apos;, os.arch: &amp;apos;amd64&amp;apos;, os.version: &amp;apos;5.15.0-73-generic&amp;apos;, java.version: &amp;apos;17.0.5&amp;apos;
Driver info: org.openqa.selenium.chrome.ChromeDriver
Capabilities {acceptInsecureCerts: false, browserName: chrome, browserVersion: 114.0.5735.106, chrome: {chromedriverVersion: 114.0.5735.90 (386bc09e8f4f..., userDataDir: /tmp/.com.google.Chrome.7hR295}, goog:chromeOptions: {debuggerAddress: localhost:33315}, networkConnectionEnabled: false, pageLoadStrategy: normal, platformName: linux, proxy: Proxy(), se:cdp: ws://localhost:33315/devtoo..., se:cdpVersion: 114.0.5735.106, setWindowRect: true, strictFileInteractability: false, timeouts: {implicit: 0, pageLoad: 300000, script: 30000}, unhandledPromptBehavior: dismiss and notify, webauthn:extension:credBlob: true, webauthn:extension:largeBlob: true, webauthn:extension:minPinLength: true, webauthn:extension:prf: true, webauthn:virtualAuthenticators: true}
Session ID: bc6b02594331a15109f278e3ae24deec">
      <![CDATA[org.openqa.selenium.TimeoutException: Expected condition failed: waiting for element to be clickable: [[ChromeDriver: chrome on linux (bc6b02594331a15109f278e3ae24deec)] -> xpath: //a[@href="https://www.careers360.com/university/indian-institute-of-technology-delhi/courses/be-btech-idpg"]] (tried for 10 second(s) with 500 milliseconds interval)
Build info: version: '4.9.1', revision: 'eb2032df7f'
System info: os.name: 'Linux', os.arch: 'amd64', os.version: '5.15.0-73-generic', java.version: '17.0.5'
Driver info: org.openqa.selenium.chrome.ChromeDriver
Capabilities {acceptInsecureCerts: false, browserName: chrome, browserVersion: 114.0.5735.106, chrome: {chromedriverVersion: 114.0.5735.90 (386bc09e8f4f..., userDataDir: /tmp/.com.google.Chrome.7hR295}, goog:chromeOptions: {debuggerAddress: localhost:33315}, networkConnectionEnabled: false, pageLoadStrategy: normal, platformName: linux, proxy: Proxy(), se:cdp: ws://localhost:33315/devtoo..., se:cdpVersion: 114.0.5735.106, setWindowRect: true, strictFileInteractability: false, timeouts: {implicit: 0, pageLoad: 300000, script: 30000}, unhandledPromptBehavior: dismiss and notify, webauthn:extension:credBlob: true, webauthn:extension:largeBlob: true, webauthn:extension:minPinLength: true, webauthn:extension:prf: true, webauthn:virtualAuthenticators: true}
Session ID: bc6b02594331a15109f278e3ae24deec
at org.openqa.selenium.support.ui.WebDriverWait.timeoutException(WebDriverWait.java:87)
at org.openqa.selenium.support.ui.FluentWait.until(FluentWait.java:231)
at baselibrary.Baselibrary.clickme(Baselibrary.java:64)
at careers_360_page.IIT_Delhi_Courses_Fees_Structure_Page.clickon_Btech(IIT_Delhi_Courses_Fees_Structure_Page.java:62)
at careers_360_test.IIT_Delhi_Courses_Fees_Structure_Test.clickon_Btech(IIT_Delhi_Courses_Fees_Structure_Test.java:56)
at java.base/java.util.ArrayList.forEach(ArrayList.java:1511)
... Removed 27 stack frames]]>
    </failure>
  </testcase> <!-- clickon_Btech -->
  <testcase classname="careers_360_test.IIT_Delhi_Courses_Fees_Structure_Test" name="clickon_Jee_Advance" time="0.022">
    <failure type="org.openqa.selenium.InvalidSelectorException" message="invalid selector: Unable to locate an element with the xpath expression #root &amp;gt; div.undefined.college_main_container &amp;gt; section.courses_fees &amp;gt; div &amp;gt; div &amp;gt; div.left_column.col-lg-9 &amp;gt; div.course_list &amp;gt; div.description.setInnerHtml &amp;gt; div &amp;gt; div:nth-child(5) &amp;gt; table &amp;gt; tbody &amp;gt; tr:nth-child(2) &amp;gt; td:nth-child(2) &amp;gt; p:nth-child(2) &amp;gt; a:nth-child(1) because of the following error:
SyntaxError: Failed to execute &amp;apos;evaluate&amp;apos; on &amp;apos;Document&amp;apos;: The string &amp;apos;#root &amp;gt; div.undefined.college_main_container &amp;gt; section.courses_fees &amp;gt; div &amp;gt; div &amp;gt; div.left_column.col-lg-9 &amp;gt; div.course_list &amp;gt; div.description.setInnerHtml &amp;gt; div &amp;gt; div:nth-child(5) &amp;gt; table &amp;gt; tbody &amp;gt; tr:nth-child(2) &amp;gt; td:nth-child(2) &amp;gt; p:nth-child(2) &amp;gt; a:nth-child(1)&amp;apos; is not a valid XPath expression.
  (Session info: chrome=114.0.5735.106)
For documentation on this error, please visit: https://selenium.dev/exceptions/#invalid_selector_exception
Build info: version: &amp;apos;4.9.1&amp;apos;, revision: &amp;apos;eb2032df7f&amp;apos;
System info: os.name: &amp;apos;Linux&amp;apos;, os.arch: &amp;apos;amd64&amp;apos;, os.version: &amp;apos;5.15.0-73-generic&amp;apos;, java.version: &amp;apos;17.0.5&amp;apos;
Driver info: org.openqa.selenium.chrome.ChromeDriver
Command: [bc6b02594331a15109f278e3ae24deec, findElement {using=xpath, value=#root &amp;gt; div.undefined.college_main_container &amp;gt; section.courses_fees &amp;gt; div &amp;gt; div &amp;gt; div.left_column.col-lg-9 &amp;gt; div.course_list &amp;gt; div.description.setInnerHtml &amp;gt; div &amp;gt; div:nth-child(5) &amp;gt; table &amp;gt; tbody &amp;gt; tr:nth-child(2) &amp;gt; td:nth-child(2) &amp;gt; p:nth-child(2) &amp;gt; a:nth-child(1)}]
Capabilities {acceptInsecureCerts: false, browserName: chrome, browserVersion: 114.0.5735.106, chrome: {chromedriverVersion: 114.0.5735.90 (386bc09e8f4f..., userDataDir: /tmp/.com.google.Chrome.7hR295}, goog:chromeOptions: {debuggerAddress: localhost:33315}, networkConnectionEnabled: false, pageLoadStrategy: normal, platformName: linux, proxy: Proxy(), se:cdp: ws://localhost:33315/devtoo..., se:cdpVersion: 114.0.5735.106, setWindowRect: true, strictFileInteractability: false, timeouts: {implicit: 0, pageLoad: 300000, script: 30000}, unhandledPromptBehavior: dismiss and notify, webauthn:extension:credBlob: true, webauthn:extension:largeBlob: true, webauthn:extension:minPinLength: true, webauthn:extension:prf: true, webauthn:virtualAuthenticators: true}
Session ID: bc6b02594331a15109f278e3ae24deec">
      <![CDATA[org.openqa.selenium.InvalidSelectorException: invalid selector: Unable to locate an element with the xpath expression #root > div.undefined.college_main_container > section.courses_fees > div > div > div.left_column.col-lg-9 > div.course_list > div.description.setInnerHtml > div > div:nth-child(5) > table > tbody > tr:nth-child(2) > td:nth-child(2) > p:nth-child(2) > a:nth-child(1) because of the following error:
SyntaxError: Failed to execute 'evaluate' on 'Document': The string '#root > div.undefined.college_main_container > section.courses_fees > div > div > div.left_column.col-lg-9 > div.course_list > div.description.setInnerHtml > div > div:nth-child(5) > table > tbody > tr:nth-child(2) > td:nth-child(2) > p:nth-child(2) > a:nth-child(1)' is not a valid XPath expression.
  (Session info: chrome=114.0.5735.106)
For documentation on this error, please visit: https://selenium.dev/exceptions/#invalid_selector_exception
Build info: version: '4.9.1', revision: 'eb2032df7f'
System info: os.name: 'Linux', os.arch: 'amd64', os.version: '5.15.0-73-generic', java.version: '17.0.5'
Driver info: org.openqa.selenium.chrome.ChromeDriver
Command: [bc6b02594331a15109f278e3ae24deec, findElement {using=xpath, value=#root > div.undefined.college_main_container > section.courses_fees > div > div > div.left_column.col-lg-9 > div.course_list > div.description.setInnerHtml > div > div:nth-child(5) > table > tbody > tr:nth-child(2) > td:nth-child(2) > p:nth-child(2) > a:nth-child(1)}]
Capabilities {acceptInsecureCerts: false, browserName: chrome, browserVersion: 114.0.5735.106, chrome: {chromedriverVersion: 114.0.5735.90 (386bc09e8f4f..., userDataDir: /tmp/.com.google.Chrome.7hR295}, goog:chromeOptions: {debuggerAddress: localhost:33315}, networkConnectionEnabled: false, pageLoadStrategy: normal, platformName: linux, proxy: Proxy(), se:cdp: ws://localhost:33315/devtoo..., se:cdpVersion: 114.0.5735.106, setWindowRect: true, strictFileInteractability: false, timeouts: {implicit: 0, pageLoad: 300000, script: 30000}, unhandledPromptBehavior: dismiss and notify, webauthn:extension:credBlob: true, webauthn:extension:largeBlob: true, webauthn:extension:minPinLength: true, webauthn:extension:prf: true, webauthn:virtualAuthenticators: true}
Session ID: bc6b02594331a15109f278e3ae24deec
at org.openqa.selenium.remote.codec.w3c.W3CHttpResponseCodec.createException(W3CHttpResponseCodec.java:200)
at org.openqa.selenium.remote.codec.w3c.W3CHttpResponseCodec.decode(W3CHttpResponseCodec.java:133)
at org.openqa.selenium.remote.codec.w3c.W3CHttpResponseCodec.decode(W3CHttpResponseCodec.java:53)
at org.openqa.selenium.remote.HttpCommandExecutor.execute(HttpCommandExecutor.java:193)
at org.openqa.selenium.remote.service.DriverCommandExecutor.invokeExecute(DriverCommandExecutor.java:183)
at org.openqa.selenium.remote.service.DriverCommandExecutor.execute(DriverCommandExecutor.java:158)
at org.openqa.selenium.remote.RemoteWebDriver.execute(RemoteWebDriver.java:543)
at org.openqa.selenium.remote.ElementLocation$ElementFinder$2.findElement(ElementLocation.java:162)
at org.openqa.selenium.remote.ElementLocation.findElement(ElementLocation.java:60)
at org.openqa.selenium.remote.RemoteWebDriver.findElement(RemoteWebDriver.java:352)
at org.openqa.selenium.remote.RemoteWebDriver.findElement(RemoteWebDriver.java:344)
at org.openqa.selenium.support.pagefactory.DefaultElementLocator.findElement(DefaultElementLocator.java:70)
at org.openqa.selenium.support.pagefactory.internal.LocatingElementHandler.invoke(LocatingElementHandler.java:39)
at jdk.proxy2/jdk.proxy2.$Proxy16.isDisplayed(Unknown Source)
at org.openqa.selenium.support.ui.ExpectedConditions.elementIfVisible(ExpectedConditions.java:307)
at org.openqa.selenium.support.ui.ExpectedConditions.access$000(ExpectedConditions.java:40)
at org.openqa.selenium.support.ui.ExpectedConditions$10.apply(ExpectedConditions.java:293)
at org.openqa.selenium.support.ui.ExpectedConditions$10.apply(ExpectedConditions.java:290)
at org.openqa.selenium.support.ui.ExpectedConditions$23.apply(ExpectedConditions.java:660)
at org.openqa.selenium.support.ui.ExpectedConditions$23.apply(ExpectedConditions.java:656)
at org.openqa.selenium.support.ui.FluentWait.until(FluentWait.java:208)
at baselibrary.Baselibrary.clickme(Baselibrary.java:64)
at careers_360_page.IIT_Delhi_Courses_Fees_Structure_Page.clickon_Jee_Advance(IIT_Delhi_Courses_Fees_Structure_Page.java:66)
at careers_360_test.IIT_Delhi_Courses_Fees_Structure_Test.clickon_Jee_Advance(IIT_Delhi_Courses_Fees_Structure_Test.java:61)
at java.base/java.util.ArrayList.forEach(ArrayList.java:1511)
... Removed 32 stack frames]]>
    </failure>
  </testcase> <!-- clickon_Jee_Advance -->
</testsuite> <!-- IIT_Delhi_Admission_Test -->
