<?xml version="1.0" encoding="UTF-8"?>
<!-- Generated by org.testng.reporters.JUnitXMLReporter -->
<testsuite ignored="0" hostname="Kapil-A-QA" failures="2" tests="10" name="IIT_Delhi_College_Rankings" time="20.059" errors="0" timestamp="2023-06-14T18:18:05 IST">
  <testcase classname="careers_360_test.IIT_Delhi_Rankings_Accreditations_Test" name="clickon_skip" time="8.069"/>
  <testcase classname="careers_360_test.IIT_Delhi_Rankings_Accreditations_Test" name="clickon_ranking" time="2.328">
    <failure type="org.openqa.selenium.ElementClickInterceptedException" message="element click intercepted: Element is not clickable at point (498, 2142)
  (Session info: chrome=114.0.5735.106)
Build info: version: &amp;apos;4.9.1&amp;apos;, revision: &amp;apos;eb2032df7f&amp;apos;
System info: os.name: &amp;apos;Linux&amp;apos;, os.arch: &amp;apos;amd64&amp;apos;, os.version: &amp;apos;5.15.0-73-generic&amp;apos;, java.version: &amp;apos;17.0.5&amp;apos;
Driver info: org.openqa.selenium.chrome.ChromeDriver
Command: [5c9f2222a39915251a430125f44601b2, clickElement {id=123760066EAF3FA0CDA6558BAD70CD7A_element_124}]
Capabilities {acceptInsecureCerts: false, browserName: chrome, browserVersion: 114.0.5735.106, chrome: {chromedriverVersion: 114.0.5735.90 (386bc09e8f4f..., userDataDir: /tmp/.com.google.Chrome.Bk3sZW}, goog:chromeOptions: {debuggerAddress: localhost:37201}, networkConnectionEnabled: false, pageLoadStrategy: normal, platformName: linux, proxy: Proxy(), se:cdp: ws://localhost:37201/devtoo..., se:cdpVersion: 114.0.5735.106, setWindowRect: true, strictFileInteractability: false, timeouts: {implicit: 0, pageLoad: 300000, script: 30000}, unhandledPromptBehavior: dismiss and notify, webauthn:extension:credBlob: true, webauthn:extension:largeBlob: true, webauthn:extension:minPinLength: true, webauthn:extension:prf: true, webauthn:virtualAuthenticators: true}
Element: [[ChromeDriver: chrome on linux (5c9f2222a39915251a430125f44601b2)] -&amp;gt; xpath: //div[@class=&amp;quot;tupple ranking&amp;quot;]]
Session ID: 5c9f2222a39915251a430125f44601b2">
      <![CDATA[org.openqa.selenium.ElementClickInterceptedException: element click intercepted: Element is not clickable at point (498, 2142)
  (Session info: chrome=114.0.5735.106)
Build info: version: '4.9.1', revision: 'eb2032df7f'
System info: os.name: 'Linux', os.arch: 'amd64', os.version: '5.15.0-73-generic', java.version: '17.0.5'
Driver info: org.openqa.selenium.chrome.ChromeDriver
Command: [5c9f2222a39915251a430125f44601b2, clickElement {id=123760066EAF3FA0CDA6558BAD70CD7A_element_124}]
Capabilities {acceptInsecureCerts: false, browserName: chrome, browserVersion: 114.0.5735.106, chrome: {chromedriverVersion: 114.0.5735.90 (386bc09e8f4f..., userDataDir: /tmp/.com.google.Chrome.Bk3sZW}, goog:chromeOptions: {debuggerAddress: localhost:37201}, networkConnectionEnabled: false, pageLoadStrategy: normal, platformName: linux, proxy: Proxy(), se:cdp: ws://localhost:37201/devtoo..., se:cdpVersion: 114.0.5735.106, setWindowRect: true, strictFileInteractability: false, timeouts: {implicit: 0, pageLoad: 300000, script: 30000}, unhandledPromptBehavior: dismiss and notify, webauthn:extension:credBlob: true, webauthn:extension:largeBlob: true, webauthn:extension:minPinLength: true, webauthn:extension:prf: true, webauthn:virtualAuthenticators: true}
Element: [[ChromeDriver: chrome on linux (5c9f2222a39915251a430125f44601b2)] -> xpath: //div[@class="tupple ranking"]]
Session ID: 5c9f2222a39915251a430125f44601b2
at org.openqa.selenium.remote.codec.w3c.W3CHttpResponseCodec.createException(W3CHttpResponseCodec.java:200)
at org.openqa.selenium.remote.codec.w3c.W3CHttpResponseCodec.decode(W3CHttpResponseCodec.java:133)
at org.openqa.selenium.remote.codec.w3c.W3CHttpResponseCodec.decode(W3CHttpResponseCodec.java:53)
at org.openqa.selenium.remote.HttpCommandExecutor.execute(HttpCommandExecutor.java:193)
at org.openqa.selenium.remote.service.DriverCommandExecutor.invokeExecute(DriverCommandExecutor.java:183)
at org.openqa.selenium.remote.service.DriverCommandExecutor.execute(DriverCommandExecutor.java:158)
at org.openqa.selenium.remote.RemoteWebDriver.execute(RemoteWebDriver.java:543)
at org.openqa.selenium.remote.RemoteWebElement.execute(RemoteWebElement.java:257)
at org.openqa.selenium.remote.RemoteWebElement.click(RemoteWebElement.java:78)
at org.openqa.selenium.support.pagefactory.internal.LocatingElementHandler.invoke(LocatingElementHandler.java:52)
at jdk.proxy2/jdk.proxy2.$Proxy16.click(Unknown Source)
at baselibrary.Baselibrary.clickme(Baselibrary.java:64)
at careers_360_page.IIT_Delhi_Ranking_Accreditations_Page.clickon_ranking(IIT_Delhi_Ranking_Accreditations_Page.java:49)
at careers_360_test.IIT_Delhi_Rankings_Accreditations_Test.clickon_ranking(IIT_Delhi_Rankings_Accreditations_Test.java:30)
at java.base/java.util.ArrayList.forEach(ArrayList.java:1511)
... Removed 36 stack frames]]>
    </failure>
  </testcase> <!-- clickon_ranking -->
  <testcase classname="careers_360_test.IIT_Delhi_Rankings_Accreditations_Test" name="clickon_Rankings_Accreditations_Title" time="0.049"/>
  <testcase classname="careers_360_test.IIT_Delhi_Rankings_Accreditations_Test" name="clickon_management" time="1.238">
    <failure type="org.openqa.selenium.ElementClickInterceptedException" message="element click intercepted: Element is not clickable at point (252, -140)
  (Session info: chrome=114.0.5735.106)
Build info: version: &amp;apos;4.9.1&amp;apos;, revision: &amp;apos;eb2032df7f&amp;apos;
System info: os.name: &amp;apos;Linux&amp;apos;, os.arch: &amp;apos;amd64&amp;apos;, os.version: &amp;apos;5.15.0-73-generic&amp;apos;, java.version: &amp;apos;17.0.5&amp;apos;
Driver info: org.openqa.selenium.chrome.ChromeDriver
Command: [5c9f2222a39915251a430125f44601b2, clickElement {id=123760066EAF3FA0CDA6558BAD70CD7A_element_129}]
Capabilities {acceptInsecureCerts: false, browserName: chrome, browserVersion: 114.0.5735.106, chrome: {chromedriverVersion: 114.0.5735.90 (386bc09e8f4f..., userDataDir: /tmp/.com.google.Chrome.Bk3sZW}, goog:chromeOptions: {debuggerAddress: localhost:37201}, networkConnectionEnabled: false, pageLoadStrategy: normal, platformName: linux, proxy: Proxy(), se:cdp: ws://localhost:37201/devtoo..., se:cdpVersion: 114.0.5735.106, setWindowRect: true, strictFileInteractability: false, timeouts: {implicit: 0, pageLoad: 300000, script: 30000}, unhandledPromptBehavior: dismiss and notify, webauthn:extension:credBlob: true, webauthn:extension:largeBlob: true, webauthn:extension:minPinLength: true, webauthn:extension:prf: true, webauthn:virtualAuthenticators: true}
Element: [[ChromeDriver: chrome on linux (5c9f2222a39915251a430125f44601b2)] -&amp;gt; css selector: #controlled-tab-example-tab-1 &amp;gt; div]
Session ID: 5c9f2222a39915251a430125f44601b2">
      <![CDATA[org.openqa.selenium.ElementClickInterceptedException: element click intercepted: Element is not clickable at point (252, -140)
  (Session info: chrome=114.0.5735.106)
Build info: version: '4.9.1', revision: 'eb2032df7f'
System info: os.name: 'Linux', os.arch: 'amd64', os.version: '5.15.0-73-generic', java.version: '17.0.5'
Driver info: org.openqa.selenium.chrome.ChromeDriver
Command: [5c9f2222a39915251a430125f44601b2, clickElement {id=123760066EAF3FA0CDA6558BAD70CD7A_element_129}]
Capabilities {acceptInsecureCerts: false, browserName: chrome, browserVersion: 114.0.5735.106, chrome: {chromedriverVersion: 114.0.5735.90 (386bc09e8f4f..., userDataDir: /tmp/.com.google.Chrome.Bk3sZW}, goog:chromeOptions: {debuggerAddress: localhost:37201}, networkConnectionEnabled: false, pageLoadStrategy: normal, platformName: linux, proxy: Proxy(), se:cdp: ws://localhost:37201/devtoo..., se:cdpVersion: 114.0.5735.106, setWindowRect: true, strictFileInteractability: false, timeouts: {implicit: 0, pageLoad: 300000, script: 30000}, unhandledPromptBehavior: dismiss and notify, webauthn:extension:credBlob: true, webauthn:extension:largeBlob: true, webauthn:extension:minPinLength: true, webauthn:extension:prf: true, webauthn:virtualAuthenticators: true}
Element: [[ChromeDriver: chrome on linux (5c9f2222a39915251a430125f44601b2)] -> css selector: #controlled-tab-example-tab-1 > div]
Session ID: 5c9f2222a39915251a430125f44601b2
at org.openqa.selenium.remote.codec.w3c.W3CHttpResponseCodec.createException(W3CHttpResponseCodec.java:200)
at org.openqa.selenium.remote.codec.w3c.W3CHttpResponseCodec.decode(W3CHttpResponseCodec.java:133)
at org.openqa.selenium.remote.codec.w3c.W3CHttpResponseCodec.decode(W3CHttpResponseCodec.java:53)
at org.openqa.selenium.remote.HttpCommandExecutor.execute(HttpCommandExecutor.java:193)
at org.openqa.selenium.remote.service.DriverCommandExecutor.invokeExecute(DriverCommandExecutor.java:183)
at org.openqa.selenium.remote.service.DriverCommandExecutor.execute(DriverCommandExecutor.java:158)
at org.openqa.selenium.remote.RemoteWebDriver.execute(RemoteWebDriver.java:543)
at org.openqa.selenium.remote.RemoteWebElement.execute(RemoteWebElement.java:257)
at org.openqa.selenium.remote.RemoteWebElement.click(RemoteWebElement.java:78)
at org.openqa.selenium.support.pagefactory.internal.LocatingElementHandler.invoke(LocatingElementHandler.java:52)
at jdk.proxy2/jdk.proxy2.$Proxy16.click(Unknown Source)
at baselibrary.Baselibrary.clickme(Baselibrary.java:64)
at careers_360_page.IIT_Delhi_Ranking_Accreditations_Page.clickon_management(IIT_Delhi_Ranking_Accreditations_Page.java:53)
at careers_360_test.IIT_Delhi_Rankings_Accreditations_Test.clickon_management(IIT_Delhi_Rankings_Accreditations_Test.java:40)
at java.base/java.util.ArrayList.forEach(ArrayList.java:1511)
... Removed 36 stack frames]]>
    </failure>
  </testcase> <!-- clickon_management -->
  <testcase classname="careers_360_test.IIT_Delhi_Rankings_Accreditations_Test" name="clickon_overall" time="0.125"/>
  <testcase classname="careers_360_test.IIT_Delhi_Rankings_Accreditations_Test" name="clickon_TLR" time="0.295"/>
  <testcase classname="careers_360_test.IIT_Delhi_Rankings_Accreditations_Test" name="clikcon_RPC" time="0.351"/>
  <testcase classname="careers_360_test.IIT_Delhi_Rankings_Accreditations_Test" name="clickon_GO" time="0.402"/>
  <testcase classname="careers_360_test.IIT_Delhi_Rankings_Accreditations_Test" name="clickon_OI" time="0.494"/>
  <testcase classname="careers_360_test.IIT_Delhi_Rankings_Accreditations_Test" name="clickom_Perception" time="0.469"/>
</testsuite> <!-- IIT_Delhi_College_Rankings -->
