<?xml version="1.0" encoding="UTF-8"?>
<!-- Generated by org.testng.reporters.JUnitXMLReporter -->
<testsuite ignored="0" hostname="Kapil-A-QA" failures="1" tests="10" name="University_Review_Page" time="81.434" errors="0" timestamp="2023-06-30T13:13:17 IST">
  <testcase classname="careers_360_test.University_Review_Test" name="clickon_review" time="6.64"/>
  <testcase classname="careers_360_test.University_Review_Test" name="gettext_IIT_Delhi_Reviews_Title" time="0.049"/>
  <testcase classname="careers_360_test.University_Review_Test" name="gettext_Rating_Summary_Title" time="0.034"/>
  <testcase classname="careers_360_test.University_Review_Test" name="gettext_Review_Count" time="0.038"/>
  <testcase classname="careers_360_test.University_Review_Test" name="clickon_Enter_Page" time="2.052"/>
  <testcase classname="careers_360_test.University_Review_Test" name="clickon_Infrastructure" time="8.395"/>
  <testcase classname="careers_360_test.University_Review_Test" name="clickon_Academics" time="12.141"/>
  <testcase classname="careers_360_test.University_Review_Test" name="clickon_placement" time="19.279"/>
  <testcase classname="careers_360_test.University_Review_Test" name="clickon_Value_for_money" time="15.206"/>
  <testcase classname="careers_360_test.University_Review_Test" name="clickon_Campus_life" time="3.809">
    <failure type="org.openqa.selenium.StaleElementReferenceException" message="stale element reference: stale element not found
  (Session info: chrome=114.0.5735.106)
For documentation on this error, please visit: https://selenium.dev/exceptions/#stale_element_reference
Build info: version: &amp;apos;4.9.1&amp;apos;, revision: &amp;apos;eb2032df7f&amp;apos;
System info: os.name: &amp;apos;Linux&amp;apos;, os.arch: &amp;apos;amd64&amp;apos;, os.version: &amp;apos;5.15.0-76-generic&amp;apos;, java.version: &amp;apos;17.0.5&amp;apos;
Driver info: org.openqa.selenium.chrome.ChromeDriver
Command: [7923f7ebb26e59ef4213184a60bb17ec, executeScript {script=arguments[0].click();, args=[{element-6066-11e4-a52e-4f735466cecf=904385040235A29246404A6E248AFE6F_element_499}]}]
Capabilities {acceptInsecureCerts: false, browserName: chrome, browserVersion: 114.0.5735.106, chrome: {chromedriverVersion: 114.0.5735.90 (386bc09e8f4f..., userDataDir: /tmp/.com.google.Chrome.PlKX9T}, goog:chromeOptions: {debuggerAddress: localhost:36141}, networkConnectionEnabled: false, pageLoadStrategy: normal, platformName: linux, proxy: Proxy(), se:cdp: ws://localhost:36141/devtoo..., se:cdpVersion: 114.0.5735.106, setWindowRect: true, strictFileInteractability: false, timeouts: {implicit: 0, pageLoad: 300000, script: 30000}, unhandledPromptBehavior: dismiss and notify, webauthn:extension:credBlob: true, webauthn:extension:largeBlob: true, webauthn:extension:minPinLength: true, webauthn:extension:prf: true, webauthn:virtualAuthenticators: true}
Session ID: 7923f7ebb26e59ef4213184a60bb17ec">
      <![CDATA[org.openqa.selenium.StaleElementReferenceException: stale element reference: stale element not found
  (Session info: chrome=114.0.5735.106)
For documentation on this error, please visit: https://selenium.dev/exceptions/#stale_element_reference
Build info: version: '4.9.1', revision: 'eb2032df7f'
System info: os.name: 'Linux', os.arch: 'amd64', os.version: '5.15.0-76-generic', java.version: '17.0.5'
Driver info: org.openqa.selenium.chrome.ChromeDriver
Command: [7923f7ebb26e59ef4213184a60bb17ec, executeScript {script=arguments[0].click();, args=[{element-6066-11e4-a52e-4f735466cecf=904385040235A29246404A6E248AFE6F_element_499}]}]
Capabilities {acceptInsecureCerts: false, browserName: chrome, browserVersion: 114.0.5735.106, chrome: {chromedriverVersion: 114.0.5735.90 (386bc09e8f4f..., userDataDir: /tmp/.com.google.Chrome.PlKX9T}, goog:chromeOptions: {debuggerAddress: localhost:36141}, networkConnectionEnabled: false, pageLoadStrategy: normal, platformName: linux, proxy: Proxy(), se:cdp: ws://localhost:36141/devtoo..., se:cdpVersion: 114.0.5735.106, setWindowRect: true, strictFileInteractability: false, timeouts: {implicit: 0, pageLoad: 300000, script: 30000}, unhandledPromptBehavior: dismiss and notify, webauthn:extension:credBlob: true, webauthn:extension:largeBlob: true, webauthn:extension:minPinLength: true, webauthn:extension:prf: true, webauthn:virtualAuthenticators: true}
Session ID: 7923f7ebb26e59ef4213184a60bb17ec
at org.openqa.selenium.remote.codec.w3c.W3CHttpResponseCodec.createException(W3CHttpResponseCodec.java:200)
at org.openqa.selenium.remote.codec.w3c.W3CHttpResponseCodec.decode(W3CHttpResponseCodec.java:133)
at org.openqa.selenium.remote.codec.w3c.W3CHttpResponseCodec.decode(W3CHttpResponseCodec.java:53)
at org.openqa.selenium.remote.HttpCommandExecutor.execute(HttpCommandExecutor.java:193)
at org.openqa.selenium.remote.service.DriverCommandExecutor.invokeExecute(DriverCommandExecutor.java:183)
at org.openqa.selenium.remote.service.DriverCommandExecutor.execute(DriverCommandExecutor.java:158)
at org.openqa.selenium.remote.RemoteWebDriver.execute(RemoteWebDriver.java:543)
at org.openqa.selenium.remote.RemoteWebDriver.executeScript(RemoteWebDriver.java:480)
at careers_360_page.University_Review_Page.clickon_Campus_life(University_Review_Page.java:104)
at careers_360_test.University_Review_Test.clickon_Campus_life(University_Review_Test.java:71)
at java.base/java.util.ArrayList.forEach(ArrayList.java:1511)
... Removed 32 stack frames]]>
    </failure>
  </testcase> <!-- clickon_Campus_life -->
</testsuite> <!-- University_Review_Page -->
