<?xml version="1.0" encoding="UTF-8"?>
<!-- Generated by org.testng.reporters.JUnitXMLReporter -->
<testsuite ignored="0" hostname="Kapil-A-QA" failures="0" tests="11" name="University_Header_Page" time="14.54" errors="0" timestamp="2023-07-01T22:09:45 IST">
  <testcase classname="careers_360_test.University_header_test" name="@BeforeTest geturllaunch1" time="14.19">
    <failure type="org.openqa.selenium.StaleElementReferenceException" message="stale element reference: stale element not found
  (Session info: chrome=114.0.5735.106)
For documentation on this error, please visit: https://selenium.dev/exceptions/#stale_element_reference
Build info: version: &amp;apos;4.9.1&amp;apos;, revision: &amp;apos;eb2032df7f&amp;apos;
System info: os.name: &amp;apos;Linux&amp;apos;, os.arch: &amp;apos;amd64&amp;apos;, os.version: &amp;apos;5.15.0-76-generic&amp;apos;, java.version: &amp;apos;17.0.5&amp;apos;
Driver info: org.openqa.selenium.chrome.ChromeDriver
Command: [66853bb57a61a6a5b5e6e3b6f6784492, clickElement {id=79919A688C14ACAF97821FFE28E89890_element_111}]
Capabilities {acceptInsecureCerts: false, browserName: chrome, browserVersion: 114.0.5735.106, chrome: {chromedriverVersion: 114.0.5735.90 (386bc09e8f4f..., userDataDir: /tmp/.com.google.Chrome.06CR0Q}, goog:chromeOptions: {debuggerAddress: localhost:46853}, networkConnectionEnabled: false, pageLoadStrategy: normal, platformName: linux, proxy: Proxy(), se:cdp: ws://localhost:46853/devtoo..., se:cdpVersion: 114.0.5735.106, setWindowRect: true, strictFileInteractability: false, timeouts: {implicit: 0, pageLoad: 300000, script: 30000}, unhandledPromptBehavior: dismiss and notify, webauthn:extension:credBlob: true, webauthn:extension:largeBlob: true, webauthn:extension:minPinLength: true, webauthn:extension:prf: true, webauthn:virtualAuthenticators: true}
Element: [[ChromeDriver: chrome on linux (66853bb57a61a6a5b5e6e3b6f6784492)] -&amp;gt; xpath: //button[@id=&amp;quot;common-signin-close&amp;quot;]]
Session ID: 66853bb57a61a6a5b5e6e3b6f6784492">
      <![CDATA[org.openqa.selenium.StaleElementReferenceException: stale element reference: stale element not found
  (Session info: chrome=114.0.5735.106)
For documentation on this error, please visit: https://selenium.dev/exceptions/#stale_element_reference
Build info: version: '4.9.1', revision: 'eb2032df7f'
System info: os.name: 'Linux', os.arch: 'amd64', os.version: '5.15.0-76-generic', java.version: '17.0.5'
Driver info: org.openqa.selenium.chrome.ChromeDriver
Command: [66853bb57a61a6a5b5e6e3b6f6784492, clickElement {id=79919A688C14ACAF97821FFE28E89890_element_111}]
Capabilities {acceptInsecureCerts: false, browserName: chrome, browserVersion: 114.0.5735.106, chrome: {chromedriverVersion: 114.0.5735.90 (386bc09e8f4f..., userDataDir: /tmp/.com.google.Chrome.06CR0Q}, goog:chromeOptions: {debuggerAddress: localhost:46853}, networkConnectionEnabled: false, pageLoadStrategy: normal, platformName: linux, proxy: Proxy(), se:cdp: ws://localhost:46853/devtoo..., se:cdpVersion: 114.0.5735.106, setWindowRect: true, strictFileInteractability: false, timeouts: {implicit: 0, pageLoad: 300000, script: 30000}, unhandledPromptBehavior: dismiss and notify, webauthn:extension:credBlob: true, webauthn:extension:largeBlob: true, webauthn:extension:minPinLength: true, webauthn:extension:prf: true, webauthn:virtualAuthenticators: true}
Element: [[ChromeDriver: chrome on linux (66853bb57a61a6a5b5e6e3b6f6784492)] -> xpath: //button[@id="common-signin-close"]]
Session ID: 66853bb57a61a6a5b5e6e3b6f6784492
at org.openqa.selenium.remote.codec.w3c.W3CHttpResponseCodec.createException(W3CHttpResponseCodec.java:200)
at org.openqa.selenium.remote.codec.w3c.W3CHttpResponseCodec.decode(W3CHttpResponseCodec.java:133)
at org.openqa.selenium.remote.codec.w3c.W3CHttpResponseCodec.decode(W3CHttpResponseCodec.java:53)
at org.openqa.selenium.remote.HttpCommandExecutor.execute(HttpCommandExecutor.java:193)
at org.openqa.selenium.remote.service.DriverCommandExecutor.invokeExecute(DriverCommandExecutor.java:183)
at org.openqa.selenium.remote.service.DriverCommandExecutor.execute(DriverCommandExecutor.java:158)
at org.openqa.selenium.remote.RemoteWebDriver.execute(RemoteWebDriver.java:543)
at org.openqa.selenium.remote.RemoteWebElement.execute(RemoteWebElement.java:257)
at org.openqa.selenium.remote.RemoteWebElement.click(RemoteWebElement.java:78)
at baselibrary.Baselibrary.geturllaunch(Baselibrary.java:38)
at careers_360_test.University_header_test.geturllaunch1(University_header_test.java:18)
at java.base/java.util.concurrent.FutureTask.run(FutureTask.java:264)
at java.base/java.util.concurrent.ThreadPoolExecutor.runWorker(ThreadPoolExecutor.java:1136)
at java.base/java.util.concurrent.ThreadPoolExecutor$Worker.run(ThreadPoolExecutor.java:635)
at java.base/java.lang.Thread.run(Thread.java:833)
... Removed 20 stack frames]]>
    </failure>
  </testcase> <!-- @BeforeTest geturllaunch1 -->
  <testcase classname="careers_360_test.University_header_test" name="click_On_Home" time="0.0">
    <skipped/>
  </testcase> <!-- click_On_Home -->
  <testcase classname="careers_360_test.University_header_test" name="clickon_University_In_India" time="0.0">
    <skipped/>
  </testcase> <!-- clickon_University_In_India -->
  <testcase classname="careers_360_test.University_header_test" name="clickon_University_In_City" time="0.0">
    <skipped/>
  </testcase> <!-- clickon_University_In_City -->
  <testcase classname="careers_360_test.University_header_test" name="clickon_College_Title" time="0.0">
    <skipped/>
  </testcase> <!-- clickon_College_Title -->
  <testcase classname="careers_360_test.University_header_test" name="click_On_City" time="0.0">
    <skipped/>
  </testcase> <!-- click_On_City -->
  <testcase classname="careers_360_test.University_header_test" name="click_On_State" time="0.0">
    <skipped/>
  </testcase> <!-- click_On_State -->
  <testcase classname="careers_360_test.University_header_test" name="clickon_ratingsummary" time="0.0">
    <skipped/>
  </testcase> <!-- clickon_ratingsummary -->
  <testcase classname="careers_360_test.University_header_test" name="clickon_QandA" time="0.0">
    <skipped/>
  </testcase> <!-- clickon_QandA -->
  <testcase classname="careers_360_test.University_header_test" name="clickonenquire" time="0.0">
    <skipped/>
  </testcase> <!-- clickonenquire -->
  <testcase classname="careers_360_test.University_header_test" name="clickonclosebtn" time="0.0">
    <skipped/>
  </testcase> <!-- clickonclosebtn -->
  <testcase classname="careers_360_test.University_header_test" name="clickonbrochure" time="0.0">
    <skipped/>
  </testcase> <!-- clickonbrochure -->
</testsuite> <!-- University_Header_Page -->
