<?xml version="1.0" encoding="UTF-8"?>
<!-- Generated by org.testng.reporters.JUnitReportReporter -->
<testsuite hostname="Kapil-A-QA" failures="0" tests="28" name="careers_360_test.College_Reviews_Test" time="2.156" errors="1" timestamp="2023-08-18T15:30:17 IST" skipped="27">
  <testcase classname="careers_360_test.College_Reviews_Test" name="getUrlLaunch1" time="2.156">
    <error message="no such window: target window already closed
from unknown error: web view not found
  (Session info: chrome=115.0.5790.170)
Build info: version: &#039;4.11.0&#039;, revision: &#039;040bc5406b&#039;
System info: os.name: &#039;Linux&#039;, os.arch: &#039;amd64&#039;, os.version: &#039;5.15.0-78-generic&#039;, java.version: &#039;17.0.5&#039;
Driver info: org.openqa.selenium.chrome.ChromeDriver
Command: [de670e5c487a7c24bf083b17497ea54e, maximizeCurrentWindow {}]
Capabilities {acceptInsecureCerts: false, browserName: chrome, browserVersion: 115.0.5790.170, chrome: {chromedriverVersion: 115.0.5790.170 (cc0d30c2ca5..., userDataDir: /tmp/.org.chromium.Chromium...}, goog:chromeOptions: {debuggerAddress: localhost:34577}, networkConnectionEnabled: false, pageLoadStrategy: normal, platformName: linux, proxy: Proxy(), se:cdp: ws://localhost:34577/devtoo..., se:cdpVersion: 115.0.5790.170, setWindowRect: true, strictFileInteractability: false, timeouts: {implicit: 0, pageLoad: 300000, script: 30000}, unhandledPromptBehavior: dismiss and notify, webauthn:extension:credBlob: true, webauthn:extension:largeBlob: true, webauthn:extension:minPinLength: true, webauthn:extension:prf: true, webauthn:virtualAuthenticators: true}
Session ID: de670e5c487a7c24bf083b17497ea54e" type="org.openqa.selenium.NoSuchWindowException">
      <![CDATA[org.openqa.selenium.NoSuchWindowException: no such window: target window already closed
from unknown error: web view not found
  (Session info: chrome=115.0.5790.170)
Build info: version: '4.11.0', revision: '040bc5406b'
System info: os.name: 'Linux', os.arch: 'amd64', os.version: '5.15.0-78-generic', java.version: '17.0.5'
Driver info: org.openqa.selenium.chrome.ChromeDriver
Command: [de670e5c487a7c24bf083b17497ea54e, maximizeCurrentWindow {}]
Capabilities {acceptInsecureCerts: false, browserName: chrome, browserVersion: 115.0.5790.170, chrome: {chromedriverVersion: 115.0.5790.170 (cc0d30c2ca5..., userDataDir: /tmp/.org.chromium.Chromium...}, goog:chromeOptions: {debuggerAddress: localhost:34577}, networkConnectionEnabled: false, pageLoadStrategy: normal, platformName: linux, proxy: Proxy(), se:cdp: ws://localhost:34577/devtoo..., se:cdpVersion: 115.0.5790.170, setWindowRect: true, strictFileInteractability: false, timeouts: {implicit: 0, pageLoad: 300000, script: 30000}, unhandledPromptBehavior: dismiss and notify, webauthn:extension:credBlob: true, webauthn:extension:largeBlob: true, webauthn:extension:minPinLength: true, webauthn:extension:prf: true, webauthn:virtualAuthenticators: true}
Session ID: de670e5c487a7c24bf083b17497ea54e
at java.base/jdk.internal.reflect.NativeConstructorAccessorImpl.newInstance0(Native Method)
at java.base/jdk.internal.reflect.NativeConstructorAccessorImpl.newInstance(NativeConstructorAccessorImpl.java:77)
at java.base/jdk.internal.reflect.DelegatingConstructorAccessorImpl.newInstance(DelegatingConstructorAccessorImpl.java:45)
at java.base/java.lang.reflect.Constructor.newInstanceWithCaller(Constructor.java:499)
at java.base/java.lang.reflect.Constructor.newInstance(Constructor.java:480)
at org.openqa.selenium.remote.codec.w3c.W3CHttpResponseCodec.createException(W3CHttpResponseCodec.java:200)
at org.openqa.selenium.remote.codec.w3c.W3CHttpResponseCodec.decode(W3CHttpResponseCodec.java:133)
at org.openqa.selenium.remote.codec.w3c.W3CHttpResponseCodec.decode(W3CHttpResponseCodec.java:52)
at org.openqa.selenium.remote.HttpCommandExecutor.execute(HttpCommandExecutor.java:191)
at org.openqa.selenium.remote.service.DriverCommandExecutor.invokeExecute(DriverCommandExecutor.java:196)
at org.openqa.selenium.remote.service.DriverCommandExecutor.execute(DriverCommandExecutor.java:171)
at org.openqa.selenium.remote.RemoteWebDriver.execute(RemoteWebDriver.java:518)
at org.openqa.selenium.remote.RemoteWebDriver.execute(RemoteWebDriver.java:591)
at org.openqa.selenium.remote.RemoteWebDriver.execute(RemoteWebDriver.java:595)
at org.openqa.selenium.remote.RemoteWebDriver$RemoteWebDriverOptions$RemoteWindow.maximize(RemoteWebDriver.java:978)
at baselibrary.Baselibrary.geturllaunch(Baselibrary.java:93)
at careers_360_test.College_Reviews_Test.getUrlLaunch1(College_Reviews_Test.java:20)
at java.base/jdk.internal.reflect.NativeMethodAccessorImpl.invoke0(Native Method)
at java.base/jdk.internal.reflect.NativeMethodAccessorImpl.invoke(NativeMethodAccessorImpl.java:77)
at java.base/jdk.internal.reflect.DelegatingMethodAccessorImpl.invoke(DelegatingMethodAccessorImpl.java:43)
at java.base/java.lang.reflect.Method.invoke(Method.java:568)
at org.testng.internal.MethodInvocationHelper.invokeMethod(MethodInvocationHelper.java:133)
at org.testng.internal.MethodInvocationHelper.invokeMethodConsideringTimeout(MethodInvocationHelper.java:62)
at org.testng.internal.ConfigInvoker.invokeConfigurationMethod(ConfigInvoker.java:385)
at org.testng.internal.ConfigInvoker.invokeConfigurations(ConfigInvoker.java:321)
at org.testng.TestRunner.invokeTestConfigurations(TestRunner.java:637)
at org.testng.TestRunner.beforeRun(TestRunner.java:627)
at org.testng.TestRunner.run(TestRunner.java:589)
at org.testng.SuiteRunner.runTest(SuiteRunner.java:377)
at org.testng.SuiteRunner.runSequentially(SuiteRunner.java:371)
at org.testng.SuiteRunner.privateRun(SuiteRunner.java:332)
at org.testng.SuiteRunner.run(SuiteRunner.java:276)
at org.testng.SuiteRunnerWorker.runSuite(SuiteRunnerWorker.java:53)
at org.testng.SuiteRunnerWorker.run(SuiteRunnerWorker.java:96)
at org.testng.TestNG.runSuitesSequentially(TestNG.java:1212)
at org.testng.TestNG.runSuitesLocally(TestNG.java:1134)
at org.testng.TestNG.runSuites(TestNG.java:1063)
at org.testng.TestNG.run(TestNG.java:1031)
at org.testng.remote.AbstractRemoteTestNG.run(AbstractRemoteTestNG.java:115)
at org.testng.remote.RemoteTestNG.initAndRun(RemoteTestNG.java:251)
at org.testng.remote.RemoteTestNG.main(RemoteTestNG.java:77)
]]>
    </error>
  </testcase> <!-- getUrlLaunch1 -->
  <system-out/>
  <testcase classname="careers_360_test.College_Reviews_Test" name="clickOnReviewSubmodule" time="0.000">
    <skipped/>
  </testcase> <!-- clickOnReviewSubmodule -->
  <system-out/>
  <testcase classname="careers_360_test.College_Reviews_Test" name="verifyPrecenseOfCareers360Logo" time="0.000">
    <skipped/>
  </testcase> <!-- verifyPrecenseOfCareers360Logo -->
  <system-out/>
  <testcase classname="careers_360_test.College_Reviews_Test" name="verifyPrecenseOfCareers360LogoColor" time="0.000">
    <skipped/>
  </testcase> <!-- verifyPrecenseOfCareers360LogoColor -->
  <system-out/>
  <testcase classname="careers_360_test.College_Reviews_Test" name="clickableCareers360Logo" time="0.000">
    <skipped/>
  </testcase> <!-- clickableCareers360Logo -->
  <system-out/>
  <testcase classname="careers_360_test.College_Reviews_Test" name="verifyVisibleOfBrowseByStream" time="0.000">
    <skipped/>
  </testcase> <!-- verifyVisibleOfBrowseByStream -->
  <system-out/>
  <testcase classname="careers_360_test.College_Reviews_Test" name="verifySearchingIcon" time="0.000">
    <skipped/>
  </testcase> <!-- verifySearchingIcon -->
  <system-out/>
  <testcase classname="careers_360_test.College_Reviews_Test" name="closeBySearchingIconPopup" time="0.000">
    <skipped/>
  </testcase> <!-- closeBySearchingIconPopup -->
  <system-out/>
  <testcase classname="careers_360_test.College_Reviews_Test" name="verifyPrecenseOfShareIcon" time="0.000">
    <skipped/>
  </testcase> <!-- verifyPrecenseOfShareIcon -->
  <system-out/>
  <testcase classname="careers_360_test.College_Reviews_Test" name="verifyPrecenseOfwhatsappAskIcon" time="0.000">
    <skipped/>
  </testcase> <!-- verifyPrecenseOfwhatsappAskIcon -->
  <system-out/>
  <testcase classname="careers_360_test.College_Reviews_Test" name="closeByWhatsappIconPopup" time="0.000">
    <skipped/>
  </testcase> <!-- closeByWhatsappIconPopup -->
  <system-out/>
  <testcase classname="careers_360_test.College_Reviews_Test" name="closeByShareIconPopup" time="0.000">
    <skipped/>
  </testcase> <!-- closeByShareIconPopup -->
  <system-out/>
  <testcase classname="careers_360_test.College_Reviews_Test" name="verifyPrecenseOfLoginButton" time="0.000">
    <skipped/>
  </testcase> <!-- verifyPrecenseOfLoginButton -->
  <system-out/>
  <testcase classname="careers_360_test.College_Reviews_Test" name="verifyPrecenseOfPremiumButton" time="0.000">
    <skipped/>
  </testcase> <!-- verifyPrecenseOfPremiumButton -->
  <system-out/>
  <testcase classname="careers_360_test.College_Reviews_Test" name="verifyPrecenseOfUniversityLogo" time="0.000">
    <skipped/>
  </testcase> <!-- verifyPrecenseOfUniversityLogo -->
  <system-out/>
  <testcase classname="careers_360_test.College_Reviews_Test" name="clickOnHome" time="0.000">
    <skipped/>
  </testcase> <!-- clickOnHome -->
  <system-out/>
  <testcase classname="careers_360_test.College_Reviews_Test" name="clickonUniversityInIndia" time="0.000">
    <skipped/>
  </testcase> <!-- clickonUniversityInIndia -->
  <system-out/>
  <testcase classname="careers_360_test.College_Reviews_Test" name="clickonUniversityInCity" time="0.000">
    <skipped/>
  </testcase> <!-- clickonUniversityInCity -->
  <system-out/>
  <testcase classname="careers_360_test.College_Reviews_Test" name="getCollegeTitle" time="0.000">
    <skipped/>
  </testcase> <!-- getCollegeTitle -->
  <system-out/>
  <testcase classname="careers_360_test.College_Reviews_Test" name="clickOnCity" time="0.000">
    <skipped/>
  </testcase> <!-- clickOnCity -->
  <system-out/>
  <testcase classname="careers_360_test.College_Reviews_Test" name="clickOnState" time="0.000">
    <skipped/>
  </testcase> <!-- clickOnState -->
  <system-out/>
  <testcase classname="careers_360_test.College_Reviews_Test" name="clickOnRatingSummary" time="0.000">
    <skipped/>
  </testcase> <!-- clickOnRatingSummary -->
  <system-out/>
  <testcase classname="careers_360_test.College_Reviews_Test" name="clickOnQandA" time="0.000">
    <skipped/>
  </testcase> <!-- clickOnQandA -->
  <system-out/>
  <testcase classname="careers_360_test.College_Reviews_Test" name="clickOnEnquire" time="0.000">
    <skipped/>
  </testcase> <!-- clickOnEnquire -->
  <system-out/>
  <testcase classname="careers_360_test.College_Reviews_Test" name="closeOnEnquirePopup" time="0.000">
    <skipped/>
  </testcase> <!-- closeOnEnquirePopup -->
  <system-out/>
  <testcase classname="careers_360_test.College_Reviews_Test" name="clickOnBrochure" time="0.000">
    <skipped/>
  </testcase> <!-- clickOnBrochure -->
  <system-out/>
  <testcase classname="careers_360_test.College_Reviews_Test" name="closeOnBrochurePopup" time="0.000">
    <skipped/>
  </testcase> <!-- closeOnBrochurePopup -->
  <system-out/>
  <testcase classname="careers_360_test.College_Reviews_Test" name="clickOnWriteAReview" time="0.000">
    <skipped/>
  </testcase> <!-- clickOnWriteAReview -->
  <system-out/>
</testsuite> <!-- careers_360_test.College_Reviews_Test -->
