<?xml version="1.0" encoding="UTF-8"?>
<!-- Generated by org.testng.reporters.JUnitReportReporter -->
<testsuite hostname="Kapil-A-QA" failures="0" tests="16" name="CTA_Test.Login_Test" time="1.408" errors="1" timestamp="2023-06-27T12:37:45 IST" skipped="15">
  <testcase classname="CTA_Test.Login_Test" name="geturllaunch1" time="1.408">
    <error message="null value in entry: url=null" type="java.lang.NullPointerException">
      <![CDATA[java.lang.NullPointerException: null value in entry: url=null
at com.google.common.collect.CollectPreconditions.checkEntryNotNull(CollectPreconditions.java:33)
at com.google.common.collect.SingletonImmutableBiMap.<init>(SingletonImmutableBiMap.java:43)
at com.google.common.collect.ImmutableBiMap.of(ImmutableBiMap.java:81)
at com.google.common.collect.ImmutableMap.of(ImmutableMap.java:128)
at org.openqa.selenium.remote.DriverCommand.GET(DriverCommand.java:187)
at org.openqa.selenium.remote.RemoteWebDriver.get(RemoteWebDriver.java:297)
at baselibrary.Baselibrary.geturllaunch(Baselibrary.java:32)
at CTA_Test.Login_Test.geturllaunch1(Login_Test.java:20)
at java.base/jdk.internal.reflect.NativeMethodAccessorImpl.invoke0(Native Method)
at java.base/jdk.internal.reflect.NativeMethodAccessorImpl.invoke(NativeMethodAccessorImpl.java:77)
at java.base/jdk.internal.reflect.DelegatingMethodAccessorImpl.invoke(DelegatingMethodAccessorImpl.java:43)
at java.base/java.lang.reflect.Method.invoke(Method.java:568)
at org.testng.internal.MethodInvocationHelper.invokeMethod(MethodInvocationHelper.java:133)
at org.testng.internal.MethodInvocationHelper.invokeMethodConsideringTimeout(MethodInvocationHelper.java:62)
at org.testng.internal.ConfigInvoker.invokeConfigurationMethod(ConfigInvoker.java:385)
at org.testng.internal.ConfigInvoker.invokeConfigurations(ConfigInvoker.java:321)
at org.testng.TestRunner.invokeTestConfigurations(TestRunner.java:637)
at org.testng.TestRunner.beforeRun(TestRunner.java:627)
at org.testng.TestRunner.run(TestRunner.java:589)
at org.testng.SuiteRunner.runTest(SuiteRunner.java:377)
at org.testng.SuiteRunner.runSequentially(SuiteRunner.java:371)
at org.testng.SuiteRunner.privateRun(SuiteRunner.java:332)
at org.testng.SuiteRunner.run(SuiteRunner.java:276)
at org.testng.SuiteRunnerWorker.runSuite(SuiteRunnerWorker.java:53)
at org.testng.SuiteRunnerWorker.run(SuiteRunnerWorker.java:96)
at org.testng.TestNG.runSuitesSequentially(TestNG.java:1212)
at org.testng.TestNG.runSuitesLocally(TestNG.java:1134)
at org.testng.TestNG.runSuites(TestNG.java:1063)
at org.testng.TestNG.run(TestNG.java:1031)
at org.testng.remote.AbstractRemoteTestNG.run(AbstractRemoteTestNG.java:115)
at org.testng.remote.RemoteTestNG.initAndRun(RemoteTestNG.java:251)
at org.testng.remote.RemoteTestNG.main(RemoteTestNG.java:77)
]]>
    </error>
  </testcase> <!-- geturllaunch1 -->
  <system-out/>
  <testcase classname="CTA_Test.Login_Test" name="click_On_Login" time="0.000">
    <skipped/>
  </testcase> <!-- click_On_Login -->
  <system-out/>
  <testcase classname="CTA_Test.Login_Test" name="click_On_Frame" time="0.000">
    <skipped/>
  </testcase> <!-- click_On_Frame -->
  <system-out/>
  <testcase classname="CTA_Test.Login_Test" name="get_Signup_Text" time="0.000">
    <skipped/>
  </testcase> <!-- get_Signup_Text -->
  <system-out/>
  <testcase classname="CTA_Test.Login_Test" name="click_On_Name" time="0.000">
    <skipped/>
  </testcase> <!-- click_On_Name -->
  <system-out/>
  <testcase classname="CTA_Test.Login_Test" name="click_On_Email" time="0.000">
    <skipped/>
  </testcase> <!-- click_On_Email -->
  <system-out/>
  <testcase classname="CTA_Test.Login_Test" name="click_On_Mobile" time="0.000">
    <skipped/>
  </testcase> <!-- click_On_Mobile -->
  <system-out/>
  <testcase classname="CTA_Test.Login_Test" name="click_On_Study" time="0.000">
    <skipped/>
  </testcase> <!-- click_On_Study -->
  <system-out/>
  <testcase classname="CTA_Test.Login_Test" name="click_On_Study_Option" time="0.000">
    <skipped/>
  </testcase> <!-- click_On_Study_Option -->
  <system-out/>
  <testcase classname="CTA_Test.Login_Test" name="click_On_Education" time="0.000">
    <skipped/>
  </testcase> <!-- click_On_Education -->
  <system-out/>
  <testcase classname="CTA_Test.Login_Test" name="click_On_Edu_Option" time="0.000">
    <skipped/>
  </testcase> <!-- click_On_Edu_Option -->
  <system-out/>
  <testcase classname="CTA_Test.Login_Test" name="get_Select_Year" time="0.000">
    <skipped/>
  </testcase> <!-- get_Select_Year -->
  <system-out/>
  <testcase classname="CTA_Test.Login_Test" name="click_On_Yrs_Option2" time="0.000">
    <skipped/>
  </testcase> <!-- click_On_Yrs_Option2 -->
  <system-out/>
  <testcase classname="CTA_Test.Login_Test" name="click_On_City" time="0.000">
    <skipped/>
  </testcase> <!-- click_On_City -->
  <system-out/>
  <testcase classname="CTA_Test.Login_Test" name="click_On_Signup" time="0.000">
    <skipped/>
  </testcase> <!-- click_On_Signup -->
  <system-out/>
  <testcase classname="CTA_Test.Login_Test" name="verifydata" time="0.000">
    <skipped/>
  </testcase> <!-- verifydata -->
  <system-out/>
</testsuite> <!-- CTA_Test.Login_Test -->
