<?xml version="1.0" encoding="UTF-8"?>
<!-- Generated by org.testng.reporters.JUnitXMLReporter -->
<testsuite ignored="0" hostname="Kapil-A-QA" failures="0" tests="27" name="College_Reviews_Page" time="2.232" errors="0" timestamp="2023-08-18T15:30:17 IST">
  <testcase classname="careers_360_test.College_Reviews_Test" name="@BeforeTest getUrlLaunch1" time="2.156">
    <failure type="org.openqa.selenium.NoSuchWindowException" message="no such window: target window already closed
from unknown error: web view not found
  (Session info: chrome=115.0.5790.170)
Build info: version: &amp;apos;4.11.0&amp;apos;, revision: &amp;apos;040bc5406b&amp;apos;
System info: os.name: &amp;apos;Linux&amp;apos;, os.arch: &amp;apos;amd64&amp;apos;, os.version: &amp;apos;5.15.0-78-generic&amp;apos;, java.version: &amp;apos;17.0.5&amp;apos;
Driver info: org.openqa.selenium.chrome.ChromeDriver
Command: [de670e5c487a7c24bf083b17497ea54e, maximizeCurrentWindow {}]
Capabilities {acceptInsecureCerts: false, browserName: chrome, browserVersion: 115.0.5790.170, chrome: {chromedriverVersion: 115.0.5790.170 (cc0d30c2ca5..., userDataDir: /tmp/.org.chromium.Chromium...}, goog:chromeOptions: {debuggerAddress: localhost:34577}, networkConnectionEnabled: false, pageLoadStrategy: normal, platformName: linux, proxy: Proxy(), se:cdp: ws://localhost:34577/devtoo..., se:cdpVersion: 115.0.5790.170, setWindowRect: true, strictFileInteractability: false, timeouts: {implicit: 0, pageLoad: 300000, script: 30000}, unhandledPromptBehavior: dismiss and notify, webauthn:extension:credBlob: true, webauthn:extension:largeBlob: true, webauthn:extension:minPinLength: true, webauthn:extension:prf: true, webauthn:virtualAuthenticators: true}
Session ID: de670e5c487a7c24bf083b17497ea54e">
      <![CDATA[org.openqa.selenium.NoSuchWindowException: no such window: target window already closed
from unknown error: web view not found
  (Session info: chrome=115.0.5790.170)
Build info: version: '4.11.0', revision: '040bc5406b'
System info: os.name: 'Linux', os.arch: 'amd64', os.version: '5.15.0-78-generic', java.version: '17.0.5'
Driver info: org.openqa.selenium.chrome.ChromeDriver
Command: [de670e5c487a7c24bf083b17497ea54e, maximizeCurrentWindow {}]
Capabilities {acceptInsecureCerts: false, browserName: chrome, browserVersion: 115.0.5790.170, chrome: {chromedriverVersion: 115.0.5790.170 (cc0d30c2ca5..., userDataDir: /tmp/.org.chromium.Chromium...}, goog:chromeOptions: {debuggerAddress: localhost:34577}, networkConnectionEnabled: false, pageLoadStrategy: normal, platformName: linux, proxy: Proxy(), se:cdp: ws://localhost:34577/devtoo..., se:cdpVersion: 115.0.5790.170, setWindowRect: true, strictFileInteractability: false, timeouts: {implicit: 0, pageLoad: 300000, script: 30000}, unhandledPromptBehavior: dismiss and notify, webauthn:extension:credBlob: true, webauthn:extension:largeBlob: true, webauthn:extension:minPinLength: true, webauthn:extension:prf: true, webauthn:virtualAuthenticators: true}
Session ID: de670e5c487a7c24bf083b17497ea54e
at org.openqa.selenium.remote.codec.w3c.W3CHttpResponseCodec.createException(W3CHttpResponseCodec.java:200)
at org.openqa.selenium.remote.codec.w3c.W3CHttpResponseCodec.decode(W3CHttpResponseCodec.java:133)
at org.openqa.selenium.remote.codec.w3c.W3CHttpResponseCodec.decode(W3CHttpResponseCodec.java:52)
at org.openqa.selenium.remote.HttpCommandExecutor.execute(HttpCommandExecutor.java:191)
at org.openqa.selenium.remote.service.DriverCommandExecutor.invokeExecute(DriverCommandExecutor.java:196)
at org.openqa.selenium.remote.service.DriverCommandExecutor.execute(DriverCommandExecutor.java:171)
at org.openqa.selenium.remote.RemoteWebDriver.execute(RemoteWebDriver.java:518)
at org.openqa.selenium.remote.RemoteWebDriver.execute(RemoteWebDriver.java:591)
at org.openqa.selenium.remote.RemoteWebDriver.execute(RemoteWebDriver.java:595)
at org.openqa.selenium.remote.RemoteWebDriver$RemoteWebDriverOptions$RemoteWindow.maximize(RemoteWebDriver.java:978)
at baselibrary.Baselibrary.geturllaunch(Baselibrary.java:93)
at careers_360_test.College_Reviews_Test.getUrlLaunch1(College_Reviews_Test.java:20)
... Removed 29 stack frames]]>
    </failure>
  </testcase> <!-- @BeforeTest getUrlLaunch1 -->
  <testcase classname="careers_360_test.College_Reviews_Test" name="clickOnReviewSubmodule" time="0.0">
    <skipped/>
  </testcase> <!-- clickOnReviewSubmodule -->
  <testcase classname="careers_360_test.College_Reviews_Test" name="verifyPrecenseOfCareers360Logo" time="0.0">
    <skipped/>
  </testcase> <!-- verifyPrecenseOfCareers360Logo -->
  <testcase classname="careers_360_test.College_Reviews_Test" name="verifyPrecenseOfCareers360LogoColor" time="0.0">
    <skipped/>
  </testcase> <!-- verifyPrecenseOfCareers360LogoColor -->
  <testcase classname="careers_360_test.College_Reviews_Test" name="clickableCareers360Logo" time="0.0">
    <skipped/>
  </testcase> <!-- clickableCareers360Logo -->
  <testcase classname="careers_360_test.College_Reviews_Test" name="verifyVisibleOfBrowseByStream" time="0.0">
    <skipped/>
  </testcase> <!-- verifyVisibleOfBrowseByStream -->
  <testcase classname="careers_360_test.College_Reviews_Test" name="verifySearchingIcon" time="0.0">
    <skipped/>
  </testcase> <!-- verifySearchingIcon -->
  <testcase classname="careers_360_test.College_Reviews_Test" name="closeBySearchingIconPopup" time="0.0">
    <skipped/>
  </testcase> <!-- closeBySearchingIconPopup -->
  <testcase classname="careers_360_test.College_Reviews_Test" name="verifyPrecenseOfShareIcon" time="0.0">
    <skipped/>
  </testcase> <!-- verifyPrecenseOfShareIcon -->
  <testcase classname="careers_360_test.College_Reviews_Test" name="verifyPrecenseOfwhatsappAskIcon" time="0.0">
    <skipped/>
  </testcase> <!-- verifyPrecenseOfwhatsappAskIcon -->
  <testcase classname="careers_360_test.College_Reviews_Test" name="closeByWhatsappIconPopup" time="0.0">
    <skipped/>
  </testcase> <!-- closeByWhatsappIconPopup -->
  <testcase classname="careers_360_test.College_Reviews_Test" name="closeByShareIconPopup" time="0.0">
    <skipped/>
  </testcase> <!-- closeByShareIconPopup -->
  <testcase classname="careers_360_test.College_Reviews_Test" name="verifyPrecenseOfLoginButton" time="0.0">
    <skipped/>
  </testcase> <!-- verifyPrecenseOfLoginButton -->
  <testcase classname="careers_360_test.College_Reviews_Test" name="verifyPrecenseOfPremiumButton" time="0.0">
    <skipped/>
  </testcase> <!-- verifyPrecenseOfPremiumButton -->
  <testcase classname="careers_360_test.College_Reviews_Test" name="verifyPrecenseOfUniversityLogo" time="0.0">
    <skipped/>
  </testcase> <!-- verifyPrecenseOfUniversityLogo -->
  <testcase classname="careers_360_test.College_Reviews_Test" name="clickOnHome" time="0.0">
    <skipped/>
  </testcase> <!-- clickOnHome -->
  <testcase classname="careers_360_test.College_Reviews_Test" name="clickonUniversityInIndia" time="0.0">
    <skipped/>
  </testcase> <!-- clickonUniversityInIndia -->
  <testcase classname="careers_360_test.College_Reviews_Test" name="clickonUniversityInCity" time="0.0">
    <skipped/>
  </testcase> <!-- clickonUniversityInCity -->
  <testcase classname="careers_360_test.College_Reviews_Test" name="getCollegeTitle" time="0.0">
    <skipped/>
  </testcase> <!-- getCollegeTitle -->
  <testcase classname="careers_360_test.College_Reviews_Test" name="clickOnCity" time="0.0">
    <skipped/>
  </testcase> <!-- clickOnCity -->
  <testcase classname="careers_360_test.College_Reviews_Test" name="clickOnState" time="0.0">
    <skipped/>
  </testcase> <!-- clickOnState -->
  <testcase classname="careers_360_test.College_Reviews_Test" name="clickOnRatingSummary" time="0.0">
    <skipped/>
  </testcase> <!-- clickOnRatingSummary -->
  <testcase classname="careers_360_test.College_Reviews_Test" name="clickOnQandA" time="0.0">
    <skipped/>
  </testcase> <!-- clickOnQandA -->
  <testcase classname="careers_360_test.College_Reviews_Test" name="clickOnEnquire" time="0.0">
    <skipped/>
  </testcase> <!-- clickOnEnquire -->
  <testcase classname="careers_360_test.College_Reviews_Test" name="closeOnEnquirePopup" time="0.0">
    <skipped/>
  </testcase> <!-- closeOnEnquirePopup -->
  <testcase classname="careers_360_test.College_Reviews_Test" name="clickOnBrochure" time="0.0">
    <skipped/>
  </testcase> <!-- clickOnBrochure -->
  <testcase classname="careers_360_test.College_Reviews_Test" name="closeOnBrochurePopup" time="0.0">
    <skipped/>
  </testcase> <!-- closeOnBrochurePopup -->
  <testcase classname="careers_360_test.College_Reviews_Test" name="clickOnWriteAReview" time="0.0">
    <skipped/>
  </testcase> <!-- clickOnWriteAReview -->
</testsuite> <!-- College_Reviews_Page -->
