<?xml version="1.0" encoding="UTF-8"?>
<!-- Generated by org.testng.reporters.JUnitXMLReporter -->
<testsuite ignored="0" hostname="Kapil-A-QA" failures="1" tests="4" name="CTA_Login_Page" time="30.549" errors="0" timestamp="2023-07-24T13:16:08 IST">
  <testcase classname="careers_360_test.CTA_Login_Test" name="click_On_Login" time="3.781"/>
  <testcase classname="careers_360_test.CTA_Login_Test" name="click_On_Frame" time="0.081"/>
  <testcase classname="careers_360_test.CTA_Login_Test" name="get_Signup_Text" time="0.063"/>
  <testcase classname="careers_360_test.CTA_Login_Test" name="singin_details" time="11.785">
    <failure type="org.openqa.selenium.NoSuchElementException" message="Unable to find element with locator By.id: main-user-target-year
For documentation on this error, please visit: https://www.selenium.dev/documentation/webdriver/troubleshooting/errors#no-such-element-exception
Build info: version: &amp;apos;4.10.0&amp;apos;, revision: &amp;apos;c14d967899&amp;apos;
System info: os.name: &amp;apos;Linux&amp;apos;, os.arch: &amp;apos;amd64&amp;apos;, os.version: &amp;apos;5.15.0-76-generic&amp;apos;, java.version: &amp;apos;17.0.5&amp;apos;
Driver info: driver.version: RemoteWebDriver">
      <![CDATA[org.openqa.selenium.NoSuchElementException: Unable to find element with locator By.id: main-user-target-year
For documentation on this error, please visit: https://www.selenium.dev/documentation/webdriver/troubleshooting/errors#no-such-element-exception
Build info: version: '4.10.0', revision: 'c14d967899'
System info: os.name: 'Linux', os.arch: 'amd64', os.version: '5.15.0-76-generic', java.version: '17.0.5'
Driver info: driver.version: RemoteWebDriver
at org.openqa.selenium.remote.ElementLocation$ElementFinder$2.findElement(ElementLocation.java:168)
at org.openqa.selenium.remote.ElementLocation.findElement(ElementLocation.java:59)
at org.openqa.selenium.remote.RemoteWebDriver.findElement(RemoteWebDriver.java:350)
at org.openqa.selenium.remote.RemoteWebDriver.findElement(RemoteWebDriver.java:344)
at careers_360_page.CTA_Login_Page.singin_details(CTA_Login_Page.java:123)
at careers_360_test.CTA_Login_Test.singin_details(CTA_Login_Test.java:43)
at java.base/java.util.ArrayList.forEach(ArrayList.java:1511)
... Removed 27 stack frames]]>
    </failure>
  </testcase> <!-- singin_details -->
</testsuite> <!-- CTA_Login_Page -->
