<?xml version="1.0" encoding="UTF-8"?>
<!-- Generated by org.testng.reporters.JUnitXMLReporter -->
<testsuite ignored="0" hostname="Kapil-A-QA" failures="0" tests="5" name="CTA_Fees_Structure_Page" time="2.67" errors="0" timestamp="2023-07-21T15:57:12 IST">
  <testcase classname="careers_360_test.CTA_Fees_Structure_Test" name="@BeforeTest geturllaunch7" time="2.653">
    <failure type="org.openqa.selenium.NoSuchWindowException" message="no such window: target window already closed
from unknown error: web view not found
  (Session info: chrome=115.0.5790.98)
Build info: version: &amp;apos;4.10.0&amp;apos;, revision: &amp;apos;c14d967899&amp;apos;
System info: os.name: &amp;apos;Linux&amp;apos;, os.arch: &amp;apos;amd64&amp;apos;, os.version: &amp;apos;5.15.0-76-generic&amp;apos;, java.version: &amp;apos;17.0.5&amp;apos;
Driver info: org.openqa.selenium.chrome.ChromeDriver
Command: [3001bce1a17b3580a8a726680cf22e6b, maximizeCurrentWindow {}]
Capabilities {acceptInsecureCerts: false, browserName: chrome, browserVersion: 115.0.5790.98, chrome: {chromedriverVersion: 115.0.5790.102 (90efd4b0ad6..., userDataDir: /tmp/.org.chromium.Chromium...}, goog:chromeOptions: {debuggerAddress: localhost:39981}, networkConnectionEnabled: false, pageLoadStrategy: normal, platformName: linux, proxy: Proxy(), se:cdp: ws://localhost:39981/devtoo..., se:cdpVersion: 115.0.5790.98, setWindowRect: true, strictFileInteractability: false, timeouts: {implicit: 0, pageLoad: 300000, script: 30000}, unhandledPromptBehavior: dismiss and notify, webauthn:extension:credBlob: true, webauthn:extension:largeBlob: true, webauthn:extension:minPinLength: true, webauthn:extension:prf: true, webauthn:virtualAuthenticators: true}
Session ID: 3001bce1a17b3580a8a726680cf22e6b">
      <![CDATA[org.openqa.selenium.NoSuchWindowException: no such window: target window already closed
from unknown error: web view not found
  (Session info: chrome=115.0.5790.98)
Build info: version: '4.10.0', revision: 'c14d967899'
System info: os.name: 'Linux', os.arch: 'amd64', os.version: '5.15.0-76-generic', java.version: '17.0.5'
Driver info: org.openqa.selenium.chrome.ChromeDriver
Command: [3001bce1a17b3580a8a726680cf22e6b, maximizeCurrentWindow {}]
Capabilities {acceptInsecureCerts: false, browserName: chrome, browserVersion: 115.0.5790.98, chrome: {chromedriverVersion: 115.0.5790.102 (90efd4b0ad6..., userDataDir: /tmp/.org.chromium.Chromium...}, goog:chromeOptions: {debuggerAddress: localhost:39981}, networkConnectionEnabled: false, pageLoadStrategy: normal, platformName: linux, proxy: Proxy(), se:cdp: ws://localhost:39981/devtoo..., se:cdpVersion: 115.0.5790.98, setWindowRect: true, strictFileInteractability: false, timeouts: {implicit: 0, pageLoad: 300000, script: 30000}, unhandledPromptBehavior: dismiss and notify, webauthn:extension:credBlob: true, webauthn:extension:largeBlob: true, webauthn:extension:minPinLength: true, webauthn:extension:prf: true, webauthn:virtualAuthenticators: true}
Session ID: 3001bce1a17b3580a8a726680cf22e6b
at org.openqa.selenium.remote.codec.w3c.W3CHttpResponseCodec.createException(W3CHttpResponseCodec.java:199)
at org.openqa.selenium.remote.codec.w3c.W3CHttpResponseCodec.decode(W3CHttpResponseCodec.java:132)
at org.openqa.selenium.remote.codec.w3c.W3CHttpResponseCodec.decode(W3CHttpResponseCodec.java:51)
at org.openqa.selenium.remote.HttpCommandExecutor.execute(HttpCommandExecutor.java:191)
at org.openqa.selenium.remote.service.DriverCommandExecutor.invokeExecute(DriverCommandExecutor.java:196)
at org.openqa.selenium.remote.service.DriverCommandExecutor.execute(DriverCommandExecutor.java:171)
at org.openqa.selenium.remote.RemoteWebDriver.execute(RemoteWebDriver.java:531)
at org.openqa.selenium.remote.RemoteWebDriver.execute(RemoteWebDriver.java:590)
at org.openqa.selenium.remote.RemoteWebDriver.execute(RemoteWebDriver.java:594)
at org.openqa.selenium.remote.RemoteWebDriver$RemoteWebDriverOptions$RemoteWindow.maximize(RemoteWebDriver.java:955)
at baselibrary.Baselibrary.geturllaunch(Baselibrary.java:78)
at careers_360_test.CTA_Fees_Structure_Test.geturllaunch7(CTA_Fees_Structure_Test.java:23)
... Removed 28 stack frames]]>
    </failure>
  </testcase> <!-- @BeforeTest geturllaunch7 -->
  <testcase classname="careers_360_test.CTA_Fees_Structure_Test" name="clickon_Fees_button_Module" time="0.0">
    <skipped/>
  </testcase> <!-- clickon_Fees_button_Module -->
  <testcase classname="careers_360_test.CTA_Fees_Structure_Test" name="click_on_get_Course_List" time="0.0">
    <skipped/>
  </testcase> <!-- click_on_get_Course_List -->
  <testcase classname="careers_360_test.CTA_Fees_Structure_Test" name="get_Signup_Text" time="0.0">
    <skipped/>
  </testcase> <!-- get_Signup_Text -->
  <testcase classname="careers_360_test.CTA_Fees_Structure_Test" name="singin_details" time="0.0">
    <skipped/>
  </testcase> <!-- singin_details -->
  <testcase classname="careers_360_test.CTA_Fees_Structure_Test" name="click_On_Frame" time="0.0">
    <skipped/>
  </testcase> <!-- click_On_Frame -->
</testsuite> <!-- CTA_Fees_Structure_Page -->
