<?xml version="1.0" encoding="UTF-8"?>
<!-- Generated by org.testng.reporters.JUnitXMLReporter -->
<testsuite ignored="0" hostname="Kapil-A-QA" failures="1" tests="8" name="CTA_Overview_Compare_Page" time="35.739" errors="0" timestamp="2023-08-18T15:22:22 IST">
  <testcase classname="careers_360_test.CTA_Overview_Compare_Test" name="click_On_Compare" time="3.409"/>
  <testcase classname="careers_360_test.CTA_Overview_Compare_Test" name="clickon_2nd_college" time="5.702"/>
  <testcase classname="careers_360_test.CTA_Overview_Compare_Test" name="clickon_3rd_college" time="5.872"/>
  <testcase classname="careers_360_test.CTA_Overview_Compare_Test" name="clickon_4th_college" time="6.629"/>
  <testcase classname="careers_360_test.CTA_Overview_Compare_Test" name="scroll_page" time="0.094"/>
  <testcase classname="careers_360_test.CTA_Overview_Compare_Test" name="click_On_Frame" time="0.652"/>
  <testcase classname="careers_360_test.CTA_Overview_Compare_Test" name="get_Signup_Text" time="0.062"/>
  <testcase classname="careers_360_test.CTA_Overview_Compare_Test" name="singin_details" time="0.604">
    <failure type="org.openqa.selenium.StaleElementReferenceException" message="stale element reference: stale element not found
  (Session info: chrome=115.0.5790.170)
For documentation on this error, please visit: https://www.selenium.dev/documentation/webdriver/troubleshooting/errors#stale-element-reference-exception
Build info: version: &amp;apos;4.11.0&amp;apos;, revision: &amp;apos;040bc5406b&amp;apos;
System info: os.name: &amp;apos;Linux&amp;apos;, os.arch: &amp;apos;amd64&amp;apos;, os.version: &amp;apos;5.15.0-78-generic&amp;apos;, java.version: &amp;apos;17.0.5&amp;apos;
Driver info: org.openqa.selenium.chrome.ChromeDriver
Command: [49a2891638dd6705ecfb70c4bd138137, sendKeysToElement {id=997FBB9EBDD3D6E56F15AD8E9EE98842_element_257, value=[Ljava.lang.CharSequence;@2c4142f8}]
Capabilities {acceptInsecureCerts: false, browserName: chrome, browserVersion: 115.0.5790.170, chrome: {chromedriverVersion: 115.0.5790.170 (cc0d30c2ca5..., userDataDir: /tmp/.org.chromium.Chromium...}, goog:chromeOptions: {debuggerAddress: localhost:46297}, networkConnectionEnabled: false, pageLoadStrategy: normal, platformName: linux, proxy: Proxy(), se:cdp: ws://localhost:46297/devtoo..., se:cdpVersion: 115.0.5790.170, setWindowRect: true, strictFileInteractability: false, timeouts: {implicit: 0, pageLoad: 300000, script: 30000}, unhandledPromptBehavior: dismiss and notify, webauthn:extension:credBlob: true, webauthn:extension:largeBlob: true, webauthn:extension:minPinLength: true, webauthn:extension:prf: true, webauthn:virtualAuthenticators: true}
Element: [[ChromeDriver: chrome on linux (49a2891638dd6705ecfb70c4bd138137)] -&amp;gt; xpath: //*[@id=&amp;apos;email&amp;apos;]]
Session ID: 49a2891638dd6705ecfb70c4bd138137">
      <![CDATA[org.openqa.selenium.StaleElementReferenceException: stale element reference: stale element not found
  (Session info: chrome=115.0.5790.170)
For documentation on this error, please visit: https://www.selenium.dev/documentation/webdriver/troubleshooting/errors#stale-element-reference-exception
Build info: version: '4.11.0', revision: '040bc5406b'
System info: os.name: 'Linux', os.arch: 'amd64', os.version: '5.15.0-78-generic', java.version: '17.0.5'
Driver info: org.openqa.selenium.chrome.ChromeDriver
Command: [49a2891638dd6705ecfb70c4bd138137, sendKeysToElement {id=997FBB9EBDD3D6E56F15AD8E9EE98842_element_257, value=[Ljava.lang.CharSequence;@2c4142f8}]
Capabilities {acceptInsecureCerts: false, browserName: chrome, browserVersion: 115.0.5790.170, chrome: {chromedriverVersion: 115.0.5790.170 (cc0d30c2ca5..., userDataDir: /tmp/.org.chromium.Chromium...}, goog:chromeOptions: {debuggerAddress: localhost:46297}, networkConnectionEnabled: false, pageLoadStrategy: normal, platformName: linux, proxy: Proxy(), se:cdp: ws://localhost:46297/devtoo..., se:cdpVersion: 115.0.5790.170, setWindowRect: true, strictFileInteractability: false, timeouts: {implicit: 0, pageLoad: 300000, script: 30000}, unhandledPromptBehavior: dismiss and notify, webauthn:extension:credBlob: true, webauthn:extension:largeBlob: true, webauthn:extension:minPinLength: true, webauthn:extension:prf: true, webauthn:virtualAuthenticators: true}
Element: [[ChromeDriver: chrome on linux (49a2891638dd6705ecfb70c4bd138137)] -> xpath: //*[@id='email']]
Session ID: 49a2891638dd6705ecfb70c4bd138137
at org.openqa.selenium.remote.codec.w3c.W3CHttpResponseCodec.createException(W3CHttpResponseCodec.java:200)
at org.openqa.selenium.remote.codec.w3c.W3CHttpResponseCodec.decode(W3CHttpResponseCodec.java:133)
at org.openqa.selenium.remote.codec.w3c.W3CHttpResponseCodec.decode(W3CHttpResponseCodec.java:52)
at org.openqa.selenium.remote.HttpCommandExecutor.execute(HttpCommandExecutor.java:191)
at org.openqa.selenium.remote.service.DriverCommandExecutor.invokeExecute(DriverCommandExecutor.java:196)
at org.openqa.selenium.remote.service.DriverCommandExecutor.execute(DriverCommandExecutor.java:171)
at org.openqa.selenium.remote.RemoteWebDriver.execute(RemoteWebDriver.java:518)
at org.openqa.selenium.remote.RemoteWebElement.execute(RemoteWebElement.java:224)
at org.openqa.selenium.remote.RemoteWebElement.sendKeys(RemoteWebElement.java:111)
at careers_360_page.CTA_Overview_Compare_Page.singin_details(CTA_Overview_Compare_Page.java:134)
at careers_360_test.CTA_Overview_Compare_Test.singin_details(CTA_Overview_Compare_Test.java:63)
at java.base/java.util.ArrayList.forEach(ArrayList.java:1511)
... Removed 32 stack frames]]>
    </failure>
  </testcase> <!-- singin_details -->
</testsuite> <!-- CTA_Overview_Compare_Page -->
