<?xml version="1.0" encoding="UTF-8"?>
<!-- Generated by org.testng.reporters.JUnitXMLReporter -->
<testsuite ignored="0" hostname="Kapil-A-QA" failures="0" tests="5" name="CTA_Notable_Alumni_Enquire_Page" time="2.308" errors="0" timestamp="2023-08-18T15:30:02 IST">
  <testcase classname="careers_360_test.CTA_Notable_Alumni_Enquire_Test" name="@BeforeTest geturllaunch1" time="2.294">
    <failure type="org.openqa.selenium.NoSuchWindowException" message="no such window: target window already closed
from unknown error: web view not found
  (Session info: chrome=115.0.5790.170)
Build info: version: &amp;apos;4.11.0&amp;apos;, revision: &amp;apos;040bc5406b&amp;apos;
System info: os.name: &amp;apos;Linux&amp;apos;, os.arch: &amp;apos;amd64&amp;apos;, os.version: &amp;apos;5.15.0-78-generic&amp;apos;, java.version: &amp;apos;17.0.5&amp;apos;
Driver info: org.openqa.selenium.chrome.ChromeDriver
Command: [d4df31b549c8e2fe561a1e2433a9bb05, maximizeCurrentWindow {}]
Capabilities {acceptInsecureCerts: false, browserName: chrome, browserVersion: 115.0.5790.170, chrome: {chromedriverVersion: 115.0.5790.170 (cc0d30c2ca5..., userDataDir: /tmp/.org.chromium.Chromium...}, goog:chromeOptions: {debuggerAddress: localhost:38115}, networkConnectionEnabled: false, pageLoadStrategy: normal, platformName: linux, proxy: Proxy(), se:cdp: ws://localhost:38115/devtoo..., se:cdpVersion: 115.0.5790.170, setWindowRect: true, strictFileInteractability: false, timeouts: {implicit: 0, pageLoad: 300000, script: 30000}, unhandledPromptBehavior: dismiss and notify, webauthn:extension:credBlob: true, webauthn:extension:largeBlob: true, webauthn:extension:minPinLength: true, webauthn:extension:prf: true, webauthn:virtualAuthenticators: true}
Session ID: d4df31b549c8e2fe561a1e2433a9bb05">
      <![CDATA[org.openqa.selenium.NoSuchWindowException: no such window: target window already closed
from unknown error: web view not found
  (Session info: chrome=115.0.5790.170)
Build info: version: '4.11.0', revision: '040bc5406b'
System info: os.name: 'Linux', os.arch: 'amd64', os.version: '5.15.0-78-generic', java.version: '17.0.5'
Driver info: org.openqa.selenium.chrome.ChromeDriver
Command: [d4df31b549c8e2fe561a1e2433a9bb05, maximizeCurrentWindow {}]
Capabilities {acceptInsecureCerts: false, browserName: chrome, browserVersion: 115.0.5790.170, chrome: {chromedriverVersion: 115.0.5790.170 (cc0d30c2ca5..., userDataDir: /tmp/.org.chromium.Chromium...}, goog:chromeOptions: {debuggerAddress: localhost:38115}, networkConnectionEnabled: false, pageLoadStrategy: normal, platformName: linux, proxy: Proxy(), se:cdp: ws://localhost:38115/devtoo..., se:cdpVersion: 115.0.5790.170, setWindowRect: true, strictFileInteractability: false, timeouts: {implicit: 0, pageLoad: 300000, script: 30000}, unhandledPromptBehavior: dismiss and notify, webauthn:extension:credBlob: true, webauthn:extension:largeBlob: true, webauthn:extension:minPinLength: true, webauthn:extension:prf: true, webauthn:virtualAuthenticators: true}
Session ID: d4df31b549c8e2fe561a1e2433a9bb05
at org.openqa.selenium.remote.codec.w3c.W3CHttpResponseCodec.createException(W3CHttpResponseCodec.java:200)
at org.openqa.selenium.remote.codec.w3c.W3CHttpResponseCodec.decode(W3CHttpResponseCodec.java:133)
at org.openqa.selenium.remote.codec.w3c.W3CHttpResponseCodec.decode(W3CHttpResponseCodec.java:52)
at org.openqa.selenium.remote.HttpCommandExecutor.execute(HttpCommandExecutor.java:191)
at org.openqa.selenium.remote.service.DriverCommandExecutor.invokeExecute(DriverCommandExecutor.java:196)
at org.openqa.selenium.remote.service.DriverCommandExecutor.execute(DriverCommandExecutor.java:171)
at org.openqa.selenium.remote.RemoteWebDriver.execute(RemoteWebDriver.java:518)
at org.openqa.selenium.remote.RemoteWebDriver.execute(RemoteWebDriver.java:591)
at org.openqa.selenium.remote.RemoteWebDriver.execute(RemoteWebDriver.java:595)
at org.openqa.selenium.remote.RemoteWebDriver$RemoteWebDriverOptions$RemoteWindow.maximize(RemoteWebDriver.java:978)
at baselibrary.Baselibrary.geturllaunch(Baselibrary.java:93)
at careers_360_test.CTA_Notable_Alumni_Enquire_Test.geturllaunch1(CTA_Notable_Alumni_Enquire_Test.java:21)
... Removed 29 stack frames]]>
    </failure>
  </testcase> <!-- @BeforeTest geturllaunch1 -->
  <testcase classname="careers_360_test.CTA_Notable_Alumni_Enquire_Test" name="clickon_Notable_Alumni_Button" time="0.0">
    <skipped/>
  </testcase> <!-- clickon_Notable_Alumni_Button -->
  <testcase classname="careers_360_test.CTA_Notable_Alumni_Enquire_Test" name="click_On_Enquire" time="0.0">
    <skipped/>
  </testcase> <!-- click_On_Enquire -->
  <testcase classname="careers_360_test.CTA_Notable_Alumni_Enquire_Test" name="click_On_Frame" time="0.0">
    <skipped/>
  </testcase> <!-- click_On_Frame -->
  <testcase classname="careers_360_test.CTA_Notable_Alumni_Enquire_Test" name="get_Signup_Text" time="0.0">
    <skipped/>
  </testcase> <!-- get_Signup_Text -->
  <testcase classname="careers_360_test.CTA_Notable_Alumni_Enquire_Test" name="singin_details" time="0.0">
    <skipped/>
  </testcase> <!-- singin_details -->
</testsuite> <!-- CTA_Notable_Alumni_Enquire_Page -->
