<?xml version="1.0" encoding="UTF-8"?>
<!-- Generated by org.testng.reporters.JUnitXMLReporter -->
<testsuite ignored="0" hostname="Kapil-A-QA" failures="1" tests="5" name="CTA_Cut_Offs_Brochure_Page" time="32.315" errors="0" timestamp="2023-08-18T15:46:55 IST">
  <testcase classname="careers_360_test.CTA_Cut_Offs_Brochure_Test" name="clickon_Cut_Offs_Button" time="2.887"/>
  <testcase classname="careers_360_test.CTA_Cut_Offs_Brochure_Test" name="click_On_Brochure" time="2.29"/>
  <testcase classname="careers_360_test.CTA_Cut_Offs_Brochure_Test" name="click_On_Frame" time="0.049"/>
  <testcase classname="careers_360_test.CTA_Cut_Offs_Brochure_Test" name="get_Signup_Text" time="0.104"/>
  <testcase classname="careers_360_test.CTA_Cut_Offs_Brochure_Test" name="singin_details" time="12.256">
    <failure type="org.openqa.selenium.ElementClickInterceptedException" message="element click intercepted: Element &amp;lt;button type=&amp;quot;submit&amp;quot; class=&amp;quot;button btn-blue btn-large signupBtn&amp;quot;&amp;gt;...&amp;lt;/button&amp;gt; is not clickable at point (522, 460). Other element would receive the click: &amp;lt;div id=&amp;quot;ui-id-4&amp;quot; tabindex=&amp;quot;-1&amp;quot; class=&amp;quot;ui-menu-item-wrapper&amp;quot;&amp;gt;...&amp;lt;/div&amp;gt;
  (Session info: chrome=115.0.5790.170)
Build info: version: &amp;apos;4.11.0&amp;apos;, revision: &amp;apos;040bc5406b&amp;apos;
System info: os.name: &amp;apos;Linux&amp;apos;, os.arch: &amp;apos;amd64&amp;apos;, os.version: &amp;apos;5.15.0-78-generic&amp;apos;, java.version: &amp;apos;17.0.5&amp;apos;
Driver info: org.openqa.selenium.chrome.ChromeDriver
Command: [fb841e19240082ac7045462f941d4454, clickElement {id=D0FDDF903BC235C2B3E55A0779B4934E_element_215}]
Capabilities {acceptInsecureCerts: false, browserName: chrome, browserVersion: 115.0.5790.170, chrome: {chromedriverVersion: 115.0.5790.170 (cc0d30c2ca5..., userDataDir: /tmp/.org.chromium.Chromium...}, goog:chromeOptions: {debuggerAddress: localhost:33657}, networkConnectionEnabled: false, pageLoadStrategy: normal, platformName: linux, proxy: Proxy(), se:cdp: ws://localhost:33657/devtoo..., se:cdpVersion: 115.0.5790.170, setWindowRect: true, strictFileInteractability: false, timeouts: {implicit: 0, pageLoad: 300000, script: 30000}, unhandledPromptBehavior: dismiss and notify, webauthn:extension:credBlob: true, webauthn:extension:largeBlob: true, webauthn:extension:minPinLength: true, webauthn:extension:prf: true, webauthn:virtualAuthenticators: true}
Element: [[ChromeDriver: chrome on linux (fb841e19240082ac7045462f941d4454)] -&amp;gt; xpath: //div//button[@type=&amp;apos;submit&amp;apos;]]
Session ID: fb841e19240082ac7045462f941d4454">
      <![CDATA[org.openqa.selenium.ElementClickInterceptedException: element click intercepted: Element <button type="submit" class="button btn-blue btn-large signupBtn">...</button> is not clickable at point (522, 460). Other element would receive the click: <div id="ui-id-4" tabindex="-1" class="ui-menu-item-wrapper">...</div>
  (Session info: chrome=115.0.5790.170)
Build info: version: '4.11.0', revision: '040bc5406b'
System info: os.name: 'Linux', os.arch: 'amd64', os.version: '5.15.0-78-generic', java.version: '17.0.5'
Driver info: org.openqa.selenium.chrome.ChromeDriver
Command: [fb841e19240082ac7045462f941d4454, clickElement {id=D0FDDF903BC235C2B3E55A0779B4934E_element_215}]
Capabilities {acceptInsecureCerts: false, browserName: chrome, browserVersion: 115.0.5790.170, chrome: {chromedriverVersion: 115.0.5790.170 (cc0d30c2ca5..., userDataDir: /tmp/.org.chromium.Chromium...}, goog:chromeOptions: {debuggerAddress: localhost:33657}, networkConnectionEnabled: false, pageLoadStrategy: normal, platformName: linux, proxy: Proxy(), se:cdp: ws://localhost:33657/devtoo..., se:cdpVersion: 115.0.5790.170, setWindowRect: true, strictFileInteractability: false, timeouts: {implicit: 0, pageLoad: 300000, script: 30000}, unhandledPromptBehavior: dismiss and notify, webauthn:extension:credBlob: true, webauthn:extension:largeBlob: true, webauthn:extension:minPinLength: true, webauthn:extension:prf: true, webauthn:virtualAuthenticators: true}
Element: [[ChromeDriver: chrome on linux (fb841e19240082ac7045462f941d4454)] -> xpath: //div//button[@type='submit']]
Session ID: fb841e19240082ac7045462f941d4454
at org.openqa.selenium.remote.codec.w3c.W3CHttpResponseCodec.createException(W3CHttpResponseCodec.java:200)
at org.openqa.selenium.remote.codec.w3c.W3CHttpResponseCodec.decode(W3CHttpResponseCodec.java:133)
at org.openqa.selenium.remote.codec.w3c.W3CHttpResponseCodec.decode(W3CHttpResponseCodec.java:52)
at org.openqa.selenium.remote.HttpCommandExecutor.execute(HttpCommandExecutor.java:191)
at org.openqa.selenium.remote.service.DriverCommandExecutor.invokeExecute(DriverCommandExecutor.java:196)
at org.openqa.selenium.remote.service.DriverCommandExecutor.execute(DriverCommandExecutor.java:171)
at org.openqa.selenium.remote.RemoteWebDriver.execute(RemoteWebDriver.java:518)
at org.openqa.selenium.remote.RemoteWebElement.execute(RemoteWebElement.java:224)
at org.openqa.selenium.remote.RemoteWebElement.click(RemoteWebElement.java:77)
at careers_360_page.CTA_Cut_Offs_Brochure_Page.singin_details(CTA_Cut_Offs_Brochure_Page.java:147)
at careers_360_test.CTA_Cut_Offs_Brochure_Test.singin_details(CTA_Cut_Offs_Brochure_Test.java:52)
at java.base/java.util.ArrayList.forEach(ArrayList.java:1511)
... Removed 32 stack frames]]>
    </failure>
  </testcase> <!-- singin_details -->
</testsuite> <!-- CTA_Cut_Offs_Brochure_Page -->
