<?xml version="1.0" encoding="UTF-8"?>
<!-- Generated by org.testng.reporters.JUnitXMLReporter -->
<testsuite ignored="0" hostname="Kapil-A-QA" failures="1" tests="5" name="CTA_Facilities_Brochure_Page" time="26.656" errors="0" timestamp="2023-08-18T15:29:49 IST">
  <testcase classname="careers_360_test.CTA_Facilities_Brochure_Test" name="clickon_Facilities_Button" time="2.772"/>
  <testcase classname="careers_360_test.CTA_Facilities_Brochure_Test" name="click_On_Brochure" time="2.213"/>
  <testcase classname="careers_360_test.CTA_Facilities_Brochure_Test" name="click_On_Frame" time="0.09"/>
  <testcase classname="careers_360_test.CTA_Facilities_Brochure_Test" name="get_Signup_Text" time="0.036"/>
  <testcase classname="careers_360_test.CTA_Facilities_Brochure_Test" name="singin_details" time="9.312">
    <failure type="org.openqa.selenium.NoSuchElementException" message="Unable to find element with locator By.xpath: //div//button[@type=&amp;apos;submit&amp;apos;]
For documentation on this error, please visit: https://www.selenium.dev/documentation/webdriver/troubleshooting/errors#no-such-element-exception
Build info: version: &amp;apos;4.11.0&amp;apos;, revision: &amp;apos;040bc5406b&amp;apos;
System info: os.name: &amp;apos;Linux&amp;apos;, os.arch: &amp;apos;amd64&amp;apos;, os.version: &amp;apos;5.15.0-78-generic&amp;apos;, java.version: &amp;apos;17.0.5&amp;apos;
Driver info: driver.version: RemoteWebDriver">
      <![CDATA[org.openqa.selenium.NoSuchElementException: Unable to find element with locator By.xpath: //div//button[@type='submit']
For documentation on this error, please visit: https://www.selenium.dev/documentation/webdriver/troubleshooting/errors#no-such-element-exception
Build info: version: '4.11.0', revision: '040bc5406b'
System info: os.name: 'Linux', os.arch: 'amd64', os.version: '5.15.0-78-generic', java.version: '17.0.5'
Driver info: driver.version: RemoteWebDriver
at org.openqa.selenium.remote.ElementLocation$ElementFinder$2.findElement(ElementLocation.java:168)
at org.openqa.selenium.remote.ElementLocation.findElement(ElementLocation.java:59)
at org.openqa.selenium.remote.RemoteWebDriver.findElement(RemoteWebDriver.java:355)
at org.openqa.selenium.remote.RemoteWebDriver.findElement(RemoteWebDriver.java:349)
at careers_360_page.CTA_Facilities_Brochure_Page.singin_details(CTA_Facilities_Brochure_Page.java:145)
at careers_360_test.CTA_Facilities_Brochure_Test.singin_details(CTA_Facilities_Brochure_Test.java:52)
at java.base/java.util.ArrayList.forEach(ArrayList.java:1511)
... Removed 27 stack frames]]>
    </failure>
  </testcase> <!-- singin_details -->
</testsuite> <!-- CTA_Facilities_Brochure_Page -->
